Using pre-set license
Built from '2021.2/staging' branch; Version is '2021.2.7f1 (6bd9e232123f) revision 7068130'; Using compiler version '192829333'; Build Type 'Release'
OS: 'Windows 10  (10.0.19043) 64bit Professional' Language: 'en' Physical Memory: 16339 MB
BatchMode: 1, IsHumanControllingUs: 0, StartBugReporterOnCrash: 0, Is64bit: 1, IsPro: 0

COMMAND LINE ARGUMENTS:
C:\Program Files\Unity\Hub\Editor\2021.2.7f1\Editor\Unity.exe
-adb2
-batchMode
-noUpm
-name
AssetImportWorker2
-projectPath
C:/Users/ugmaj/Documents/GitHub/Definitely-Not-Uno
-logFile
Logs/AssetImportWorker2.log
-srvPort
55042
Successfully changed project path to: C:/Users/ugmaj/Documents/GitHub/Definitely-Not-Uno
C:/Users/ugmaj/Documents/GitHub/Definitely-Not-Uno
[UnityMemory] Configuration Parameters - Can be set up in boot.config
    "memorysetup-bucket-allocator-granularity=16"
    "memorysetup-bucket-allocator-bucket-count=8"
    "memorysetup-bucket-allocator-block-size=33554432"
    "memorysetup-bucket-allocator-block-count=8"
    "memorysetup-main-allocator-block-size=16777216"
    "memorysetup-thread-allocator-block-size=16777216"
    "memorysetup-gfx-main-allocator-block-size=16777216"
    "memorysetup-gfx-thread-allocator-block-size=16777216"
    "memorysetup-cache-allocator-block-size=4194304"
    "memorysetup-typetree-allocator-block-size=2097152"
    "memorysetup-profiler-bucket-allocator-granularity=16"
    "memorysetup-profiler-bucket-allocator-bucket-count=8"
    "memorysetup-profiler-bucket-allocator-block-size=33554432"
    "memorysetup-profiler-bucket-allocator-block-count=8"
    "memorysetup-profiler-allocator-block-size=16777216"
    "memorysetup-profiler-editor-allocator-block-size=1048576"
    "memorysetup-temp-allocator-size-main=16777216"
    "memorysetup-job-temp-allocator-block-size=2097152"
    "memorysetup-job-temp-allocator-block-size-background=1048576"
    "memorysetup-job-temp-allocator-reduction-small-platforms=262144"
    "memorysetup-temp-allocator-size-background-worker=32768"
    "memorysetup-temp-allocator-size-job-worker=262144"
    "memorysetup-temp-allocator-size-preload-manager=33554432"
    "memorysetup-temp-allocator-size-nav-mesh-worker=65536"
    "memorysetup-temp-allocator-size-audio-worker=65536"
    "memorysetup-temp-allocator-size-cloud-worker=32768"
    "memorysetup-temp-allocator-size-gi-baking-worker=262144"
    "memorysetup-temp-allocator-size-gfx=262144"
Refreshing native plugins compatible for Editor in 88.83 ms, found 4 plugins.
Preloading 0 native plugins for Editor in 0.00 ms.
Initialize engine version: 2021.2.7f1 (6bd9e232123f)
[Subsystems] Discovering subsystems at path C:/Program Files/Unity/Hub/Editor/2021.2.7f1/Editor/Data/Resources/UnitySubsystems
[Subsystems] Discovering subsystems at path C:/Users/ugmaj/Documents/GitHub/Definitely-Not-Uno/Assets
GfxDevice: creating device client; threaded=0; jobified=0
Direct3D:
    Version:  Direct3D 11.0 [level 11.1]
    Renderer: NVIDIA GeForce GTX 1070 (ID=0x1b81)
    Vendor:   NVIDIA
    VRAM:     8088 MB
    Driver:   30.0.14.9613
Initialize mono
Mono path[0] = 'C:/Program Files/Unity/Hub/Editor/2021.2.7f1/Editor/Data/Managed'
Mono path[1] = 'C:/Program Files/Unity/Hub/Editor/2021.2.7f1/Editor/Data/MonoBleedingEdge/lib/mono/unityjit-win32'
Mono config path = 'C:/Program Files/Unity/Hub/Editor/2021.2.7f1/Editor/Data/MonoBleedingEdge/etc'
Using monoOptions --debugger-agent=transport=dt_socket,embedding=1,server=y,suspend=n,address=127.0.0.1:56232
Begin MonoManager ReloadAssembly
Registering precompiled unity dll's ...
Register platform support module: C:/Program Files/Unity/Hub/Editor/2021.2.7f1/Editor/Data/PlaybackEngines/WindowsStandaloneSupport/UnityEditor.WindowsStandalone.Extensions.dll
Registered in 0.006755 seconds.
Native extension for WindowsStandalone target not found
Refreshing native plugins compatible for Editor in 82.61 ms, found 4 plugins.
Preloading 0 native plugins for Editor in 0.00 ms.
Mono: successfully reloaded assembly
- Completed reload, in  0.595 seconds
Domain Reload Profiling:
	ReloadAssembly (595ms)
		BeginReloadAssembly (74ms)
			ExecutionOrderSort (0ms)
			DisableScriptedObjects (0ms)
			BackupInstance (0ms)
			ReleaseScriptingObjects (0ms)
			CreateAndSetChildDomain (1ms)
		EndReloadAssembly (446ms)
			LoadAssemblies (72ms)
			RebuildTransferFunctionScriptingTraits (0ms)
			SetupTypeCache (104ms)
			ReleaseScriptCaches (0ms)
			RebuildScriptCaches (27ms)
			SetupLoadedEditorAssemblies (267ms)
				LogAssemblyErrors (0ms)
				InitializePlatformSupportModulesInManaged (13ms)
				SetLoadedEditorAssemblies (0ms)
				RefreshPlugins (83ms)
				BeforeProcessingInitializeOnLoad (1ms)
				ProcessInitializeOnLoadAttributes (128ms)
				ProcessInitializeOnLoadMethodAttributes (42ms)
				AfterProcessingInitializeOnLoad (0ms)
				EditorAssembliesLoaded (0ms)
			ExecutionOrderSort2 (0ms)
			AwakeInstancesAfterBackupRestoration (0ms)
Platform modules already initialized, skipping
Registering precompiled user dll's ...
Registered in 0.007389 seconds.
Begin MonoManager ReloadAssembly
Symbol file LoadedFromMemory doesn't match image C:\Users\ugmaj\Documents\GitHub\Definitely-Not-Uno\Library\PackageCache\com.unity.visualscripting@1.7.6\Editor\VisualScripting.Core\Dependencies\YamlDotNet\Unity.VisualScripting.YamlDotNet.dll
Symbol file LoadedFromMemory doesn't match image C:\Users\ugmaj\Documents\GitHub\Definitely-Not-Uno\Library\PackageCache\com.unity.visualscripting@1.7.6\Editor\VisualScripting.Core\Dependencies\DotNetZip\Unity.VisualScripting.IonicZip.dll
Native extension for WindowsStandalone target not found
Refreshing native plugins compatible for Editor in 82.55 ms, found 4 plugins.
Preloading 0 native plugins for Editor in 0.00 ms.
Mono: successfully reloaded assembly
- Completed reload, in  1.509 seconds
Domain Reload Profiling:
	ReloadAssembly (1509ms)
		BeginReloadAssembly (104ms)
			ExecutionOrderSort (0ms)
			DisableScriptedObjects (5ms)
			BackupInstance (0ms)
			ReleaseScriptingObjects (0ms)
			CreateAndSetChildDomain (19ms)
		EndReloadAssembly (1318ms)
			LoadAssemblies (80ms)
			RebuildTransferFunctionScriptingTraits (0ms)
			SetupTypeCache (228ms)
			ReleaseScriptCaches (1ms)
			RebuildScriptCaches (58ms)
			SetupLoadedEditorAssemblies (915ms)
				LogAssemblyErrors (0ms)
				InitializePlatformSupportModulesInManaged (10ms)
				SetLoadedEditorAssemblies (0ms)
				RefreshPlugins (83ms)
				BeforeProcessingInitializeOnLoad (84ms)
				ProcessInitializeOnLoadAttributes (700ms)
				ProcessInitializeOnLoadMethodAttributes (31ms)
				AfterProcessingInitializeOnLoad (6ms)
				EditorAssembliesLoaded (0ms)
			ExecutionOrderSort2 (0ms)
			AwakeInstancesAfterBackupRestoration (6ms)
Platform modules already initialized, skipping
========================================================================
Worker process is ready to serve import requests
Launched and connected shader compiler UnityShaderCompiler.exe after 0.13 seconds
Refreshing native plugins compatible for Editor in 0.94 ms, found 4 plugins.
Preloading 0 native plugins for Editor in 0.00 ms.
Unloading 3964 Unused Serialized files (Serialized files now loaded: 0)
Unloading 37 unused Assets / (56.1 KB). Loaded Objects now: 4420.
Memory consumption went from 150.7 MB to 150.6 MB.
Total: 3.203300 ms (FindLiveObjects: 0.459200 ms CreateObjectMapping: 0.333300 ms MarkObjects: 2.337400 ms  DeleteObjects: 0.072500 ms)

AssetImportParameters requested are different than current active one (requested -> active):
  custom:video-decoder-ogg-theora: a1e56fd34408186e4bbccfd4996cb3dc -> 
  custom:container-muxer-webm: aa71ff27fc2769a1b78a27578f13a17b -> 
  custom:container-demuxer-webm: 4f35f7cbe854078d1ac9338744f61a02 -> 
  custom:video-encoder-webm-vp8: eb34c28f22e8b96e1ab97ce403110664 -> 
  custom:audio-encoder-webm-vorbis: bf7c407c2cedff20999df2af8eb42d56 -> 
  custom:framework-win-MediaFoundation: 216162199b28c13a410421893ffa2e32 -> 
  custom:container-demuxer-ogg: 62fdf1f143b41e24485cea50d1cbac27 -> 
  custom:video-decoder-webm-vp8: 9c59270c3fd7afecdb556c50c9e8de78 -> 
  custom:audio-decoder-ogg-vorbis: bf7c407c2cedff20999df2af8eb42d56 -> 
========================================================================
Received Import Request.
  Time since last request: 154107.021932 seconds.
  path: Assets/Sprites/Cards/blue_0_large.png
  artifactKey: Guid(e0d91ce9f60d41a4095802dedc047b1c) Importer(815301076,1909f56bfc062723c751e8b465ee728b)
Start importing Assets/Sprites/Cards/blue_0_large.png using Guid(e0d91ce9f60d41a4095802dedc047b1c) Importer(815301076,1909f56bfc062723c751e8b465ee728b)  -> (artifact id: '726da828148ac242e11f3d245f1fe3e0') in 0.175199 seconds 
========================================================================
Received Import Request.
  Time since last request: 0.000028 seconds.
  path: Assets/Sprites/Cards/blue_picker_large.png
  artifactKey: Guid(b12dc8e2a2e3b76459e7a72fbb475637) Importer(815301076,1909f56bfc062723c751e8b465ee728b)
Start importing Assets/Sprites/Cards/blue_picker_large.png using Guid(b12dc8e2a2e3b76459e7a72fbb475637) Importer(815301076,1909f56bfc062723c751e8b465ee728b)  -> (artifact id: '5f3e6bfe57f62e066e2ec7431c604980') in 0.028605 seconds 
========================================================================
Received Import Request.
  Time since last request: 0.000029 seconds.
  path: Assets/Sprites/Cards/red_6_large.png
  artifactKey: Guid(53234fb33f8e32e42a9f64ab20435194) Importer(815301076,1909f56bfc062723c751e8b465ee728b)
Start importing Assets/Sprites/Cards/red_6_large.png using Guid(53234fb33f8e32e42a9f64ab20435194) Importer(815301076,1909f56bfc062723c751e8b465ee728b)  -> (artifact id: '6c47480f99887d97f480466c6a3f116f') in 0.026564 seconds 
========================================================================
Received Import Request.
  Time since last request: 0.000023 seconds.
  path: Assets/Sprites/Cards/yellow_reverse_large.png
  artifactKey: Guid(553dfbbf83cc24d4f86bc56f079568b7) Importer(815301076,1909f56bfc062723c751e8b465ee728b)
Start importing Assets/Sprites/Cards/yellow_reverse_large.png using Guid(553dfbbf83cc24d4f86bc56f079568b7) Importer(815301076,1909f56bfc062723c751e8b465ee728b)  -> (artifact id: '764d55a344ab6fbb2554a4bdf9c19ca8') in 0.028586 seconds 
========================================================================
Received Import Request.
  Time since last request: 0.000033 seconds.
  path: Assets/Sprites/Cards/red_3_large.png
  artifactKey: Guid(d99b5f27d78b23a418a17c84a333997b) Importer(815301076,1909f56bfc062723c751e8b465ee728b)
Start importing Assets/Sprites/Cards/red_3_large.png using Guid(d99b5f27d78b23a418a17c84a333997b) Importer(815301076,1909f56bfc062723c751e8b465ee728b)  -> (artifact id: '879e79bcab0ac68e70ee8d0e592227ee') in 0.028360 seconds 
========================================================================
Received Import Request.
  Time since last request: 0.000039 seconds.
  path: Assets/Sprites/Cards/yellow_6_large.png
  artifactKey: Guid(c80b1e2b654819a42956bc1177e7cf80) Importer(815301076,1909f56bfc062723c751e8b465ee728b)
Start importing Assets/Sprites/Cards/yellow_6_large.png using Guid(c80b1e2b654819a42956bc1177e7cf80) Importer(815301076,1909f56bfc062723c751e8b465ee728b)  -> (artifact id: '03291fcb67f86ba641c49307aa3b7903') in 0.031560 seconds 
========================================================================
Received Import Request.
  Time since last request: 0.000022 seconds.
  path: Assets/Sprites/Cards/green_reverse_large.png
  artifactKey: Guid(7475113965b011d49b7a2d4ef154d8ef) Importer(815301076,1909f56bfc062723c751e8b465ee728b)
Start importing Assets/Sprites/Cards/green_reverse_large.png using Guid(7475113965b011d49b7a2d4ef154d8ef) Importer(815301076,1909f56bfc062723c751e8b465ee728b)  -> (artifact id: '343dd7073e6015335ba86e845a72ffd8') in 0.027330 seconds 
========================================================================
Received Import Request.
  Time since last request: 0.000021 seconds.
  path: Assets/Sprites/Cards/blue_reverse_large.png
  artifactKey: Guid(a541cd0efeb7a8a4e85aaf4b677c0da6) Importer(815301076,1909f56bfc062723c751e8b465ee728b)
Start importing Assets/Sprites/Cards/blue_reverse_large.png using Guid(a541cd0efeb7a8a4e85aaf4b677c0da6) Importer(815301076,1909f56bfc062723c751e8b465ee728b)  -> (artifact id: '5bcabd84e4f2b03d658a3562ab0be3e5') in 0.028617 seconds 
========================================================================
Received Import Request.
  Time since last request: 0.000030 seconds.
  path: Assets/Sprites/Cards/yellow_8_large.png
  artifactKey: Guid(9663c8a73e6a4704fb1b51d8654e5df8) Importer(815301076,1909f56bfc062723c751e8b465ee728b)
Start importing Assets/Sprites/Cards/yellow_8_large.png using Guid(9663c8a73e6a4704fb1b51d8654e5df8) Importer(815301076,1909f56bfc062723c751e8b465ee728b)  -> (artifact id: '7fa7c15c454f2c5992dfd3dae21903af') in 0.027984 seconds 
========================================================================
Received Import Request.
  Time since last request: 0.000028 seconds.
  path: Assets/Sprites/Cards/green_5_large.png
  artifactKey: Guid(c25af96e2975c0c468674e72998faa33) Importer(815301076,1909f56bfc062723c751e8b465ee728b)
Start importing Assets/Sprites/Cards/green_5_large.png using Guid(c25af96e2975c0c468674e72998faa33) Importer(815301076,1909f56bfc062723c751e8b465ee728b)  -> (artifact id: '91a8b8e69f98c59b7881747ff41e4fde') in 0.025387 seconds 
========================================================================
Received Import Request.
  Time since last request: 0.000019 seconds.
  path: Assets/Sprites/Cards/green_1_large.png
  artifactKey: Guid(f27696620b05bc542b337ff183d7599b) Importer(815301076,1909f56bfc062723c751e8b465ee728b)
Start importing Assets/Sprites/Cards/green_1_large.png using Guid(f27696620b05bc542b337ff183d7599b) Importer(815301076,1909f56bfc062723c751e8b465ee728b)  -> (artifact id: 'f47bd0e03008ffe2f301c054d8ed3d2d') in 0.025274 seconds 
========================================================================
Received Import Request.
  Time since last request: 0.000019 seconds.
  path: Assets/Sprites/Cards/card_back_alt_large.png
  artifactKey: Guid(e6587db7daaf44c42862ad87f50ca81e) Importer(815301076,1909f56bfc062723c751e8b465ee728b)
Start importing Assets/Sprites/Cards/card_back_alt_large.png using Guid(e6587db7daaf44c42862ad87f50ca81e) Importer(815301076,1909f56bfc062723c751e8b465ee728b)  -> (artifact id: 'c6ea532e1df67cbf635f093c8ef68a2d') in 0.027788 seconds 
========================================================================
Received Import Request.
  Time since last request: 0.000037 seconds.
  path: Assets/Sprites/Cards/yellow_5_large.png
  artifactKey: Guid(c3ac0a6bdb208fb449917e555f7ea42f) Importer(815301076,1909f56bfc062723c751e8b465ee728b)
Start importing Assets/Sprites/Cards/yellow_5_large.png using Guid(c3ac0a6bdb208fb449917e555f7ea42f) Importer(815301076,1909f56bfc062723c751e8b465ee728b)  -> (artifact id: '9b6a426184ed10712a44b325aaa69429') in 0.028187 seconds 
========================================================================
Received Import Request.
  Time since last request: 0.000020 seconds.
  path: Assets/Sprites/Cards/blue_8_large.png
  artifactKey: Guid(2aac7d3f0d5ef9847b890b98262db7f0) Importer(815301076,1909f56bfc062723c751e8b465ee728b)
Start importing Assets/Sprites/Cards/blue_8_large.png using Guid(2aac7d3f0d5ef9847b890b98262db7f0) Importer(815301076,1909f56bfc062723c751e8b465ee728b)  -> (artifact id: 'cabe672d14c6f7c716eda47b14f2e3cd') in 0.033969 seconds 
========================================================================
Received Import Request.
  Time since last request: 0.000022 seconds.
  path: Assets/Sprites/Cards/green_9_large.png
  artifactKey: Guid(7369567de9a6858488c8bc5930a69575) Importer(815301076,1909f56bfc062723c751e8b465ee728b)
Start importing Assets/Sprites/Cards/green_9_large.png using Guid(7369567de9a6858488c8bc5930a69575) Importer(815301076,1909f56bfc062723c751e8b465ee728b)  -> (artifact id: 'c77d82c46a4b389f95d718546a5a7664') in 0.027821 seconds 
========================================================================
Received Import Request.
  Time since last request: 0.000027 seconds.
  path: Assets/Sprites/Cards/yellow_7_large.png
  artifactKey: Guid(1751ccce7a792354ea1666e05ac73f57) Importer(815301076,1909f56bfc062723c751e8b465ee728b)
Start importing Assets/Sprites/Cards/yellow_7_large.png using Guid(1751ccce7a792354ea1666e05ac73f57) Importer(815301076,1909f56bfc062723c751e8b465ee728b)  -> (artifact id: '5b143f2fbb54d44818bf69d3b509c6ad') in 0.027224 seconds 
========================================================================
Received Import Request.
  Time since last request: 0.000090 seconds.
  path: Assets/Sprites/Cards/yellow_9_large.png
  artifactKey: Guid(cae63b33bce58c140bf3115044bb3061) Importer(815301076,1909f56bfc062723c751e8b465ee728b)
Start importing Assets/Sprites/Cards/yellow_9_large.png using Guid(cae63b33bce58c140bf3115044bb3061) Importer(815301076,1909f56bfc062723c751e8b465ee728b)  -> (artifact id: '3e7f4ff86960e8694ae1c78900c2a0bd') in 0.027515 seconds 
========================================================================
Received Import Request.
  Time since last request: 0.000022 seconds.
  path: Assets/Sprites/Cards/yellow_picker_large.png
  artifactKey: Guid(76318ef8ff3deaf429881ec94a366f12) Importer(815301076,1909f56bfc062723c751e8b465ee728b)
Start importing Assets/Sprites/Cards/yellow_picker_large.png using Guid(76318ef8ff3deaf429881ec94a366f12) Importer(815301076,1909f56bfc062723c751e8b465ee728b)  -> (artifact id: '2fb29f55bf378e1d84baea170a9849a7') in 0.023758 seconds 
========================================================================
Received Import Request.
  Time since last request: 0.000017 seconds.
  path: Assets/Sprites/Cards/yellow_3_large.png
  artifactKey: Guid(28b2c850a7bc54b4d89b39e257b22f25) Importer(815301076,1909f56bfc062723c751e8b465ee728b)
Start importing Assets/Sprites/Cards/yellow_3_large.png using Guid(28b2c850a7bc54b4d89b39e257b22f25) Importer(815301076,1909f56bfc062723c751e8b465ee728b)  -> (artifact id: '278d96b129b71576340385ba149c0bf2') in 0.025426 seconds 
========================================================================
Received Import Request.
  Time since last request: 1.161648 seconds.
  path: Assets/Sprites/Backgrounds/table.png
  artifactKey: Guid(33c9f19a0c069854d9c80424c1c8baf7) Importer(815301076,1909f56bfc062723c751e8b465ee728b)
Start importing Assets/Sprites/Backgrounds/table.png using Guid(33c9f19a0c069854d9c80424c1c8baf7) Importer(815301076,1909f56bfc062723c751e8b465ee728b)  -> (artifact id: 'f557772c814617e45119e3da4950d488') in 0.083255 seconds 
========================================================================
Received Import Request.
  Time since last request: 12.700937 seconds.
  path: Assets/Resources/Players/Player1.asset
  artifactKey: Guid(206ea1e35ddc9e1448d4fa9815a9ccca) Importer(815301076,1909f56bfc062723c751e8b465ee728b)
Start importing Assets/Resources/Players/Player1.asset using Guid(206ea1e35ddc9e1448d4fa9815a9ccca) Importer(815301076,1909f56bfc062723c751e8b465ee728b)  -> (artifact id: '02dc07619eeade06ee95408f4a544fdf') in 0.011487 seconds 
========================================================================
Received Import Request.
  Time since last request: 2.635407 seconds.
  path: Assets/Resources/Resources Managers/ResourcesManager.asset
  artifactKey: Guid(ad67c0c865c569341ba8c24647d2cc81) Importer(815301076,1909f56bfc062723c751e8b465ee728b)
Start importing Assets/Resources/Resources Managers/ResourcesManager.asset using Guid(ad67c0c865c569341ba8c24647d2cc81) Importer(815301076,1909f56bfc062723c751e8b465ee728b)  -> (artifact id: '5ab288611c8b58e7cc6e29a9eb0a1562') in 0.045404 seconds 
========================================================================
Received Import Request.
  Time since last request: 16.160024 seconds.
  path: Assets/Resources/Cards/blue_0_large.png
  artifactKey: Guid(764810a0e576ad84a896f295999c7c38) Importer(815301076,1909f56bfc062723c751e8b465ee728b)
Start importing Assets/Resources/Cards/blue_0_large.png using Guid(764810a0e576ad84a896f295999c7c38) Importer(815301076,1909f56bfc062723c751e8b465ee728b)  -> (artifact id: '3c653bdc77fe23361e1069494a6182c9') in 0.023716 seconds 
========================================================================
Received Import Request.
  Time since last request: 64.775133 seconds.
  path: Assets/Scripts/Clickables/ClickColor.cs
  artifactKey: Guid(a28f107c9f5a2d347bbb60de2c5fcf3a) Importer(815301076,1909f56bfc062723c751e8b465ee728b)
Start importing Assets/Scripts/Clickables/ClickColor.cs using Guid(a28f107c9f5a2d347bbb60de2c5fcf3a) Importer(815301076,1909f56bfc062723c751e8b465ee728b)  -> (artifact id: '4149614f81af0b312e7136bf482756e6') in 0.009366 seconds 
========================================================================
Received Import Request.
  Time since last request: 52.596650 seconds.
  path: Assets/Scripts/Logic/Logic.cs
  artifactKey: Guid(dbc28bbac4f5c494d823a88c9085e87a) Importer(815301076,1909f56bfc062723c751e8b465ee728b)
Start importing Assets/Scripts/Logic/Logic.cs using Guid(dbc28bbac4f5c494d823a88c9085e87a) Importer(815301076,1909f56bfc062723c751e8b465ee728b)  -> (artifact id: '61787d6fa312892b7babe0f083f5f3df') in 0.004734 seconds 
========================================================================
Received Import Request.
  Time since last request: 62.228510 seconds.
  path: Assets/Scripts/Temporary/PlayerNumber.cs
  artifactKey: Guid(cd68f866e63cb3f4fbc5c50c5c1d0bb2) Importer(815301076,1909f56bfc062723c751e8b465ee728b)
Start importing Assets/Scripts/Temporary/PlayerNumber.cs using Guid(cd68f866e63cb3f4fbc5c50c5c1d0bb2) Importer(815301076,1909f56bfc062723c751e8b465ee728b)  -> (artifact id: '2e264f445310d0790d48ff68df0f5bd0') in 0.005171 seconds 
========================================================================
Received Prepare
Registering precompiled user dll's ...
Registered in 0.006898 seconds.
Begin MonoManager ReloadAssembly
Symbol file LoadedFromMemory doesn't match image C:\Users\ugmaj\Documents\GitHub\Definitely-Not-Uno\Library\PackageCache\com.unity.visualscripting@1.7.6\Editor\VisualScripting.Core\Dependencies\YamlDotNet\Unity.VisualScripting.YamlDotNet.dll
Symbol file LoadedFromMemory doesn't match image C:\Users\ugmaj\Documents\GitHub\Definitely-Not-Uno\Library\PackageCache\com.unity.visualscripting@1.7.6\Editor\VisualScripting.Core\Dependencies\DotNetZip\Unity.VisualScripting.IonicZip.dll
Native extension for WindowsStandalone target not found
Refreshing native plugins compatible for Editor in 1.47 ms, found 4 plugins.
Preloading 0 native plugins for Editor in 0.00 ms.
Mono: successfully reloaded assembly
- Completed reload, in  1.412 seconds
Domain Reload Profiling:
	ReloadAssembly (1413ms)
		BeginReloadAssembly (148ms)
			ExecutionOrderSort (0ms)
			DisableScriptedObjects (8ms)
			BackupInstance (0ms)
			ReleaseScriptingObjects (0ms)
			CreateAndSetChildDomain (42ms)
		EndReloadAssembly (1133ms)
			LoadAssemblies (102ms)
			RebuildTransferFunctionScriptingTraits (0ms)
			SetupTypeCache (317ms)
			ReleaseScriptCaches (2ms)
			RebuildScriptCaches (62ms)
			SetupLoadedEditorAssemblies (549ms)
				LogAssemblyErrors (0ms)
				InitializePlatformSupportModulesInManaged (14ms)
				SetLoadedEditorAssemblies (1ms)
				RefreshPlugins (2ms)
				BeforeProcessingInitializeOnLoad (92ms)
				ProcessInitializeOnLoadAttributes (392ms)
				ProcessInitializeOnLoadMethodAttributes (41ms)
				AfterProcessingInitializeOnLoad (7ms)
				EditorAssembliesLoaded (0ms)
			ExecutionOrderSort2 (0ms)
			AwakeInstancesAfterBackupRestoration (23ms)
Platform modules already initialized, skipping
Refreshing native plugins compatible for Editor in 1.44 ms, found 4 plugins.
Preloading 0 native plugins for Editor in 0.00 ms.
Unloading 3961 Unused Serialized files (Serialized files now loaded: 0)
Unloading 26 unused Assets / (24.6 KB). Loaded Objects now: 4746.
Memory consumption went from 180.4 MB to 180.4 MB.
Total: 4.237100 ms (FindLiveObjects: 0.302300 ms CreateObjectMapping: 0.372600 ms MarkObjects: 3.535400 ms  DeleteObjects: 0.026000 ms)

AssetImportParameters requested are different than current active one (requested -> active):
  custom:video-decoder-ogg-theora: a1e56fd34408186e4bbccfd4996cb3dc -> 
  custom:container-muxer-webm: aa71ff27fc2769a1b78a27578f13a17b -> 
  custom:container-demuxer-webm: 4f35f7cbe854078d1ac9338744f61a02 -> 
  custom:video-encoder-webm-vp8: eb34c28f22e8b96e1ab97ce403110664 -> 
  custom:audio-encoder-webm-vorbis: bf7c407c2cedff20999df2af8eb42d56 -> 
  custom:framework-win-MediaFoundation: 216162199b28c13a410421893ffa2e32 -> 
  custom:container-demuxer-ogg: 62fdf1f143b41e24485cea50d1cbac27 -> 
  custom:video-decoder-webm-vp8: 9c59270c3fd7afecdb556c50c9e8de78 -> 
  custom:audio-decoder-ogg-vorbis: bf7c407c2cedff20999df2af8eb42d56 -> 
========================================================================
Received Import Request.
  Time since last request: 1160.547877 seconds.
  path: Assets/Sprites/UI Elements/1x
  artifactKey: Guid(4d55c77aff108f64eae0097593774230) Importer(815301076,1909f56bfc062723c751e8b465ee728b)
Start importing Assets/Sprites/UI Elements/1x using Guid(4d55c77aff108f64eae0097593774230) Importer(815301076,1909f56bfc062723c751e8b465ee728b)  -> (artifact id: 'd9d4397a1e6c96b0e4f455fd9c4efb58') in 0.012014 seconds 
========================================================================
Received Import Request.
  Time since last request: 0.026647 seconds.
  path: Assets/Sprites/UI Elements/1x/Asset 1.png
  artifactKey: Guid(785b93cb391c0bd4ca8eb75add7795d0) Importer(815301076,1909f56bfc062723c751e8b465ee728b)
Start importing Assets/Sprites/UI Elements/1x/Asset 1.png using Guid(785b93cb391c0bd4ca8eb75add7795d0) Importer(815301076,1909f56bfc062723c751e8b465ee728b)  -> (artifact id: 'cc9d94c6d57cae69ace2d4c8b5ab05d1') in 0.073621 seconds 
========================================================================
Received Import Request.
  Time since last request: 23.891239 seconds.
  path: Assets/Sprites/UI Elements
  artifactKey: Guid(285c4e7e53af26543a0a496d1d3cf7cc) Importer(815301076,1909f56bfc062723c751e8b465ee728b)
Start importing Assets/Sprites/UI Elements using Guid(285c4e7e53af26543a0a496d1d3cf7cc) Importer(815301076,1909f56bfc062723c751e8b465ee728b)  -> (artifact id: 'f08795ba900d1df538c35764cde44c37') in 0.004809 seconds 
========================================================================
Received Import Request.
  Time since last request: 0.035916 seconds.
  path: Assets/Sprites/UI Elements/Asset 1.png
  artifactKey: Guid(7d507529046cdb34fa32f562ec935617) Importer(815301076,1909f56bfc062723c751e8b465ee728b)
Start importing Assets/Sprites/UI Elements/Asset 1.png using Guid(7d507529046cdb34fa32f562ec935617) Importer(815301076,1909f56bfc062723c751e8b465ee728b)  -> (artifact id: 'ecac62c72147ff53da83de5cfa2be8e9') in 0.017355 seconds 
========================================================================
Received Import Request.
  Time since last request: 7.068941 seconds.
  path: Assets/Sprites/UI Elements/arrow_bckp.png
  artifactKey: Guid(a7795b290c896fa4395227afa4b2995a) Importer(815301076,1909f56bfc062723c751e8b465ee728b)
Start importing Assets/Sprites/UI Elements/arrow_bckp.png using Guid(a7795b290c896fa4395227afa4b2995a) Importer(815301076,1909f56bfc062723c751e8b465ee728b)  -> (artifact id: '14e8660e0da99f5ce957456b4e328441') in 0.018417 seconds 
========================================================================
Received Import Request.
  Time since last request: 14.487598 seconds.
  path: Assets/Sprites/UI Elements/arrow.png
  artifactKey: Guid(7d507529046cdb34fa32f562ec935617) Importer(815301076,1909f56bfc062723c751e8b465ee728b)
Start importing Assets/Sprites/UI Elements/arrow.png using Guid(7d507529046cdb34fa32f562ec935617) Importer(815301076,1909f56bfc062723c751e8b465ee728b)  -> (artifact id: 'ea53d6cfc81a9c5dc3d0ac6c0c605836') in 0.012522 seconds 
========================================================================
Received Import Request.
  Time since last request: 350.214675 seconds.
  path: Assets/Sprites/UI Elements/SVG
  artifactKey: Guid(abdf25012d152d94d9f62da359df2c2e) Importer(815301076,1909f56bfc062723c751e8b465ee728b)
Start importing Assets/Sprites/UI Elements/SVG using Guid(abdf25012d152d94d9f62da359df2c2e) Importer(815301076,1909f56bfc062723c751e8b465ee728b)  -> (artifact id: '2c1752c0792076d8bb1b3660e114cabf') in 0.005565 seconds 
========================================================================
Received Import Request.
  Time since last request: 0.776591 seconds.
  path: Assets/Sprites/UI Elements/SVG/Asset 5.svg
  artifactKey: Guid(018d9e06b31787b48a2b6571fa9480cd) Importer(815301076,1909f56bfc062723c751e8b465ee728b)
Start importing Assets/Sprites/UI Elements/SVG/Asset 5.svg using Guid(018d9e06b31787b48a2b6571fa9480cd) Importer(815301076,1909f56bfc062723c751e8b465ee728b)  -> (artifact id: 'ebf242d9f4adadc6095238a5be66e3e8') in 0.010411 seconds 
========================================================================
Received Import Request.
  Time since last request: 159.967839 seconds.
  path: Assets/Sprites/UI Elements/SVG/Asset 8.svg
  artifactKey: Guid(52f877bac5b9a834fafe307919eb0b06) Importer(815301076,1909f56bfc062723c751e8b465ee728b)
Start importing Assets/Sprites/UI Elements/SVG/Asset 8.svg using Guid(52f877bac5b9a834fafe307919eb0b06) Importer(815301076,1909f56bfc062723c751e8b465ee728b)  -> (artifact id: 'f026759a804a046c63a038ef709ef889') in 0.006150 seconds 
========================================================================
Received Import Request.
  Time since last request: 88.256529 seconds.
  path: Assets/Sprites/UI Elements/1x/Asset 2.png
  artifactKey: Guid(c469df25b4050d74494071a24dcb7b85) Importer(815301076,1909f56bfc062723c751e8b465ee728b)
Start importing Assets/Sprites/UI Elements/1x/Asset 2.png using Guid(c469df25b4050d74494071a24dcb7b85) Importer(815301076,1909f56bfc062723c751e8b465ee728b)  -> (artifact id: '398b358cafbeec27e44ee17d15581698') in 0.021274 seconds 
========================================================================
Received Import Request.
  Time since last request: 0.000018 seconds.
  path: Assets/Sprites/UI Elements/1x/Asset 4.png
  artifactKey: Guid(4311ce64475effa44926498f376d304e) Importer(815301076,1909f56bfc062723c751e8b465ee728b)
Start importing Assets/Sprites/UI Elements/1x/Asset 4.png using Guid(4311ce64475effa44926498f376d304e) Importer(815301076,1909f56bfc062723c751e8b465ee728b)  -> (artifact id: '09605b2f56c8505dcf59800345021497') in 0.020567 seconds 
========================================================================
Received Prepare
Registering precompiled user dll's ...
Registered in 0.007402 seconds.
Begin MonoManager ReloadAssembly
Symbol file LoadedFromMemory doesn't match image C:\Users\ugmaj\Documents\GitHub\Definitely-Not-Uno\Library\PackageCache\com.unity.visualscripting@1.7.6\Editor\VisualScripting.Core\Dependencies\YamlDotNet\Unity.VisualScripting.YamlDotNet.dll
Symbol file LoadedFromMemory doesn't match image C:\Users\ugmaj\Documents\GitHub\Definitely-Not-Uno\Library\PackageCache\com.unity.visualscripting@1.7.6\Editor\VisualScripting.Core\Dependencies\DotNetZip\Unity.VisualScripting.IonicZip.dll
Native extension for WindowsStandalone target not found
Refreshing native plugins compatible for Editor in 0.59 ms, found 4 plugins.
Preloading 0 native plugins for Editor in 0.00 ms.
Mono: successfully reloaded assembly
- Completed reload, in  1.389 seconds
Domain Reload Profiling:
	ReloadAssembly (1390ms)
		BeginReloadAssembly (158ms)
			ExecutionOrderSort (0ms)
			DisableScriptedObjects (11ms)
			BackupInstance (0ms)
			ReleaseScriptingObjects (0ms)
			CreateAndSetChildDomain (40ms)
		EndReloadAssembly (1127ms)
			LoadAssemblies (99ms)
			RebuildTransferFunctionScriptingTraits (0ms)
			SetupTypeCache (316ms)
			ReleaseScriptCaches (1ms)
			RebuildScriptCaches (59ms)
			SetupLoadedEditorAssemblies (566ms)
				LogAssemblyErrors (0ms)
				InitializePlatformSupportModulesInManaged (15ms)
				SetLoadedEditorAssemblies (1ms)
				RefreshPlugins (1ms)
				BeforeProcessingInitializeOnLoad (95ms)
				ProcessInitializeOnLoadAttributes (407ms)
				ProcessInitializeOnLoadMethodAttributes (40ms)
				AfterProcessingInitializeOnLoad (8ms)
				EditorAssembliesLoaded (0ms)
			ExecutionOrderSort2 (0ms)
			AwakeInstancesAfterBackupRestoration (25ms)
Platform modules already initialized, skipping
Refreshing native plugins compatible for Editor in 0.92 ms, found 4 plugins.
Preloading 0 native plugins for Editor in 0.00 ms.
Unloading 3945 Unused Serialized files (Serialized files now loaded: 0)
Unloading 26 unused Assets / (24.5 KB). Loaded Objects now: 4848.
Memory consumption went from 182.4 MB to 182.4 MB.
Total: 10.257900 ms (FindLiveObjects: 0.425400 ms CreateObjectMapping: 4.346800 ms MarkObjects: 5.459500 ms  DeleteObjects: 0.025000 ms)

AssetImportParameters requested are different than current active one (requested -> active):
  custom:video-decoder-ogg-theora: a1e56fd34408186e4bbccfd4996cb3dc -> 
  custom:container-muxer-webm: aa71ff27fc2769a1b78a27578f13a17b -> 
  custom:container-demuxer-webm: 4f35f7cbe854078d1ac9338744f61a02 -> 
  custom:video-encoder-webm-vp8: eb34c28f22e8b96e1ab97ce403110664 -> 
  custom:audio-encoder-webm-vorbis: bf7c407c2cedff20999df2af8eb42d56 -> 
  custom:framework-win-MediaFoundation: 216162199b28c13a410421893ffa2e32 -> 
  custom:container-demuxer-ogg: 62fdf1f143b41e24485cea50d1cbac27 -> 
  custom:video-decoder-webm-vp8: 9c59270c3fd7afecdb556c50c9e8de78 -> 
  custom:audio-decoder-ogg-vorbis: bf7c407c2cedff20999df2af8eb42d56 -> 
========================================================================
Received Import Request.
  Time since last request: 173.852031 seconds.
  path: Assets/Sprites/UI Elements/1x/Asset 2.png
  artifactKey: Guid(c469df25b4050d74494071a24dcb7b85) Importer(815301076,1909f56bfc062723c751e8b465ee728b)
Start importing Assets/Sprites/UI Elements/1x/Asset 2.png using Guid(c469df25b4050d74494071a24dcb7b85) Importer(815301076,1909f56bfc062723c751e8b465ee728b)  -> (artifact id: '92b01d3fc0ed451f115c5e0ade9a8293') in 0.066267 seconds 
========================================================================
Received Prepare
Registering precompiled user dll's ...
Registered in 0.009047 seconds.
Begin MonoManager ReloadAssembly
Symbol file LoadedFromMemory doesn't match image C:\Users\ugmaj\Documents\GitHub\Definitely-Not-Uno\Library\PackageCache\com.unity.visualscripting@1.7.6\Editor\VisualScripting.Core\Dependencies\YamlDotNet\Unity.VisualScripting.YamlDotNet.dll
Symbol file LoadedFromMemory doesn't match image C:\Users\ugmaj\Documents\GitHub\Definitely-Not-Uno\Library\PackageCache\com.unity.visualscripting@1.7.6\Editor\VisualScripting.Core\Dependencies\DotNetZip\Unity.VisualScripting.IonicZip.dll
Native extension for WindowsStandalone target not found
Refreshing native plugins compatible for Editor in 0.61 ms, found 4 plugins.
Preloading 0 native plugins for Editor in 0.00 ms.
Mono: successfully reloaded assembly
- Completed reload, in  1.350 seconds
Domain Reload Profiling:
	ReloadAssembly (1351ms)
		BeginReloadAssembly (156ms)
			ExecutionOrderSort (0ms)
			DisableScriptedObjects (9ms)
			BackupInstance (0ms)
			ReleaseScriptingObjects (0ms)
			CreateAndSetChildDomain (43ms)
		EndReloadAssembly (1088ms)
			LoadAssemblies (95ms)
			RebuildTransferFunctionScriptingTraits (0ms)
			SetupTypeCache (301ms)
			ReleaseScriptCaches (1ms)
			RebuildScriptCaches (59ms)
			SetupLoadedEditorAssemblies (564ms)
				LogAssemblyErrors (0ms)
				InitializePlatformSupportModulesInManaged (14ms)
				SetLoadedEditorAssemblies (1ms)
				RefreshPlugins (1ms)
				BeforeProcessingInitializeOnLoad (82ms)
				ProcessInitializeOnLoadAttributes (418ms)
				ProcessInitializeOnLoadMethodAttributes (39ms)
				AfterProcessingInitializeOnLoad (9ms)
				EditorAssembliesLoaded (0ms)
			ExecutionOrderSort2 (0ms)
			AwakeInstancesAfterBackupRestoration (22ms)
Platform modules already initialized, skipping
Refreshing native plugins compatible for Editor in 0.93 ms, found 4 plugins.
Preloading 0 native plugins for Editor in 0.00 ms.
Unloading 3940 Unused Serialized files (Serialized files now loaded: 0)
Unloading 26 unused Assets / (24.6 KB). Loaded Objects now: 4864.
Memory consumption went from 182.6 MB to 182.5 MB.
Total: 5.355200 ms (FindLiveObjects: 0.395400 ms CreateObjectMapping: 0.355500 ms MarkObjects: 4.579700 ms  DeleteObjects: 0.023500 ms)

AssetImportParameters requested are different than current active one (requested -> active):
  custom:video-decoder-ogg-theora: a1e56fd34408186e4bbccfd4996cb3dc -> 
  custom:container-muxer-webm: aa71ff27fc2769a1b78a27578f13a17b -> 
  custom:container-demuxer-webm: 4f35f7cbe854078d1ac9338744f61a02 -> 
  custom:video-encoder-webm-vp8: eb34c28f22e8b96e1ab97ce403110664 -> 
  custom:audio-encoder-webm-vorbis: bf7c407c2cedff20999df2af8eb42d56 -> 
  custom:framework-win-MediaFoundation: 216162199b28c13a410421893ffa2e32 -> 
  custom:container-demuxer-ogg: 62fdf1f143b41e24485cea50d1cbac27 -> 
  custom:video-decoder-webm-vp8: 9c59270c3fd7afecdb556c50c9e8de78 -> 
  custom:audio-decoder-ogg-vorbis: bf7c407c2cedff20999df2af8eb42d56 -> 
========================================================================
Received Prepare
Registering precompiled user dll's ...
Registered in 0.008935 seconds.
Begin MonoManager ReloadAssembly
Symbol file LoadedFromMemory doesn't match image C:\Users\ugmaj\Documents\GitHub\Definitely-Not-Uno\Library\PackageCache\com.unity.visualscripting@1.7.6\Editor\VisualScripting.Core\Dependencies\YamlDotNet\Unity.VisualScripting.YamlDotNet.dll
Symbol file LoadedFromMemory doesn't match image C:\Users\ugmaj\Documents\GitHub\Definitely-Not-Uno\Library\PackageCache\com.unity.visualscripting@1.7.6\Editor\VisualScripting.Core\Dependencies\DotNetZip\Unity.VisualScripting.IonicZip.dll
Native extension for WindowsStandalone target not found
Refreshing native plugins compatible for Editor in 0.65 ms, found 4 plugins.
Preloading 0 native plugins for Editor in 0.00 ms.
Mono: successfully reloaded assembly
- Completed reload, in  1.362 seconds
Domain Reload Profiling:
	ReloadAssembly (1362ms)
		BeginReloadAssembly (153ms)
			ExecutionOrderSort (0ms)
			DisableScriptedObjects (11ms)
			BackupInstance (0ms)
			ReleaseScriptingObjects (0ms)
			CreateAndSetChildDomain (41ms)
		EndReloadAssembly (1106ms)
			LoadAssemblies (99ms)
			RebuildTransferFunctionScriptingTraits (0ms)
			SetupTypeCache (320ms)
			ReleaseScriptCaches (1ms)
			RebuildScriptCaches (65ms)
			SetupLoadedEditorAssemblies (551ms)
				LogAssemblyErrors (0ms)
				InitializePlatformSupportModulesInManaged (17ms)
				SetLoadedEditorAssemblies (1ms)
				RefreshPlugins (1ms)
				BeforeProcessingInitializeOnLoad (87ms)
				ProcessInitializeOnLoadAttributes (396ms)
				ProcessInitializeOnLoadMethodAttributes (39ms)
				AfterProcessingInitializeOnLoad (10ms)
				EditorAssembliesLoaded (0ms)
			ExecutionOrderSort2 (0ms)
			AwakeInstancesAfterBackupRestoration (27ms)
Platform modules already initialized, skipping
Refreshing native plugins compatible for Editor in 1.13 ms, found 4 plugins.
Preloading 0 native plugins for Editor in 0.00 ms.
Unloading 3940 Unused Serialized files (Serialized files now loaded: 0)
Unloading 26 unused Assets / (24.7 KB). Loaded Objects now: 4866.
Memory consumption went from 182.6 MB to 182.6 MB.
Total: 4.239500 ms (FindLiveObjects: 0.329800 ms CreateObjectMapping: 0.287900 ms MarkObjects: 3.584900 ms  DeleteObjects: 0.036200 ms)

AssetImportParameters requested are different than current active one (requested -> active):
  custom:video-decoder-ogg-theora: a1e56fd34408186e4bbccfd4996cb3dc -> 
  custom:container-muxer-webm: aa71ff27fc2769a1b78a27578f13a17b -> 
  custom:container-demuxer-webm: 4f35f7cbe854078d1ac9338744f61a02 -> 
  custom:video-encoder-webm-vp8: eb34c28f22e8b96e1ab97ce403110664 -> 
  custom:audio-encoder-webm-vorbis: bf7c407c2cedff20999df2af8eb42d56 -> 
  custom:framework-win-MediaFoundation: 216162199b28c13a410421893ffa2e32 -> 
  custom:container-demuxer-ogg: 62fdf1f143b41e24485cea50d1cbac27 -> 
  custom:video-decoder-webm-vp8: 9c59270c3fd7afecdb556c50c9e8de78 -> 
  custom:audio-decoder-ogg-vorbis: bf7c407c2cedff20999df2af8eb42d56 -> 
========================================================================
Received Import Request.
  Time since last request: 133.469637 seconds.
  path: Assets/Sprites/UI Elements/1x/Asset 9.png
  artifactKey: Guid(ed0cbdefea168074cb91df2d91dde8cd) Importer(815301076,1909f56bfc062723c751e8b465ee728b)
Start importing Assets/Sprites/UI Elements/1x/Asset 9.png using Guid(ed0cbdefea168074cb91df2d91dde8cd) Importer(815301076,1909f56bfc062723c751e8b465ee728b)  -> (artifact id: 'ad07663e3f75b37e17bd59a5dfc69671') in 0.063909 seconds 
========================================================================
Received Import Request.
  Time since last request: 703.264927 seconds.
  path: Assets/Sprites/UI Elements/arrow_black.png
  artifactKey: Guid(1d4ab0e8250b7044081a4a44af981099) Importer(815301076,1909f56bfc062723c751e8b465ee728b)
Start importing Assets/Sprites/UI Elements/arrow_black.png using Guid(1d4ab0e8250b7044081a4a44af981099) Importer(815301076,1909f56bfc062723c751e8b465ee728b)  -> (artifact id: '0f85b9fed2e8dfb9979ccb97ac0f9593') in 0.027987 seconds 
========================================================================
Received Import Request.
  Time since last request: 0.000032 seconds.
  path: Assets/Sprites/UI Elements/arrow_red.png
  artifactKey: Guid(f21ff27690fb6bb40a8566bfb4ec5b7c) Importer(815301076,1909f56bfc062723c751e8b465ee728b)
Start importing Assets/Sprites/UI Elements/arrow_red.png using Guid(f21ff27690fb6bb40a8566bfb4ec5b7c) Importer(815301076,1909f56bfc062723c751e8b465ee728b)  -> (artifact id: '33c975f208f274aacc7fbe52e8a5fdfe') in 0.030428 seconds 
========================================================================
Received Import Request.
  Time since last request: 0.000025 seconds.
  path: Assets/Sprites/UI Elements/arrow_green.png
  artifactKey: Guid(5dd1b16ee7147d541bab0ef7eb793ebd) Importer(815301076,1909f56bfc062723c751e8b465ee728b)
Start importing Assets/Sprites/UI Elements/arrow_green.png using Guid(5dd1b16ee7147d541bab0ef7eb793ebd) Importer(815301076,1909f56bfc062723c751e8b465ee728b)  -> (artifact id: '4fd4872126520abe480689d069294417') in 0.032564 seconds 
========================================================================
Received Import Request.
  Time since last request: 0.000111 seconds.
  path: Assets/Sprites/UI Elements/arrow_yellow.png
  artifactKey: Guid(5da7c74fe9206de49829a004709cdcde) Importer(815301076,1909f56bfc062723c751e8b465ee728b)
Start importing Assets/Sprites/UI Elements/arrow_yellow.png using Guid(5da7c74fe9206de49829a004709cdcde) Importer(815301076,1909f56bfc062723c751e8b465ee728b)  -> (artifact id: '637306b1dee7f51e94d73b6198aad5d9') in 0.026714 seconds 
========================================================================
Received Prepare
Registering precompiled user dll's ...
Registered in 0.009101 seconds.
Begin MonoManager ReloadAssembly
Symbol file LoadedFromMemory doesn't match image C:\Users\ugmaj\Documents\GitHub\Definitely-Not-Uno\Library\PackageCache\com.unity.visualscripting@1.7.6\Editor\VisualScripting.Core\Dependencies\YamlDotNet\Unity.VisualScripting.YamlDotNet.dll
Symbol file LoadedFromMemory doesn't match image C:\Users\ugmaj\Documents\GitHub\Definitely-Not-Uno\Library\PackageCache\com.unity.visualscripting@1.7.6\Editor\VisualScripting.Core\Dependencies\DotNetZip\Unity.VisualScripting.IonicZip.dll
Native extension for WindowsStandalone target not found
Refreshing native plugins compatible for Editor in 1.07 ms, found 4 plugins.
Preloading 0 native plugins for Editor in 0.00 ms.
Mono: successfully reloaded assembly
- Completed reload, in  1.871 seconds
Domain Reload Profiling:
	ReloadAssembly (1872ms)
		BeginReloadAssembly (184ms)
			ExecutionOrderSort (0ms)
			DisableScriptedObjects (14ms)
			BackupInstance (0ms)
			ReleaseScriptingObjects (0ms)
			CreateAndSetChildDomain (51ms)
		EndReloadAssembly (1532ms)
			LoadAssemblies (115ms)
			RebuildTransferFunctionScriptingTraits (0ms)
			SetupTypeCache (367ms)
			ReleaseScriptCaches (2ms)
			RebuildScriptCaches (78ms)
			SetupLoadedEditorAssemblies (757ms)
				LogAssemblyErrors (0ms)
				InitializePlatformSupportModulesInManaged (25ms)
				SetLoadedEditorAssemblies (1ms)
				RefreshPlugins (1ms)
				BeforeProcessingInitializeOnLoad (108ms)
				ProcessInitializeOnLoadAttributes (560ms)
				ProcessInitializeOnLoadMethodAttributes (50ms)
				AfterProcessingInitializeOnLoad (10ms)
				EditorAssembliesLoaded (1ms)
			ExecutionOrderSort2 (0ms)
			AwakeInstancesAfterBackupRestoration (34ms)
Platform modules already initialized, skipping
Refreshing native plugins compatible for Editor in 1.10 ms, found 4 plugins.
Preloading 0 native plugins for Editor in 0.00 ms.
Unloading 3944 Unused Serialized files (Serialized files now loaded: 0)
Unloading 26 unused Assets / (25.7 KB). Loaded Objects now: 4948.
Memory consumption went from 185.0 MB to 185.0 MB.
Total: 5.139700 ms (FindLiveObjects: 0.316400 ms CreateObjectMapping: 1.302100 ms MarkObjects: 3.494000 ms  DeleteObjects: 0.026300 ms)

AssetImportParameters requested are different than current active one (requested -> active):
  custom:video-decoder-ogg-theora: a1e56fd34408186e4bbccfd4996cb3dc -> 
  custom:container-muxer-webm: aa71ff27fc2769a1b78a27578f13a17b -> 
  custom:container-demuxer-webm: 4f35f7cbe854078d1ac9338744f61a02 -> 
  custom:video-encoder-webm-vp8: eb34c28f22e8b96e1ab97ce403110664 -> 
  custom:audio-encoder-webm-vorbis: bf7c407c2cedff20999df2af8eb42d56 -> 
  custom:framework-win-MediaFoundation: 216162199b28c13a410421893ffa2e32 -> 
  custom:container-demuxer-ogg: 62fdf1f143b41e24485cea50d1cbac27 -> 
  custom:video-decoder-webm-vp8: 9c59270c3fd7afecdb556c50c9e8de78 -> 
  custom:audio-decoder-ogg-vorbis: bf7c407c2cedff20999df2af8eb42d56 -> 
========================================================================
Received Import Request.
  Time since last request: 487.683447 seconds.
  path: Assets/Scripts/Cards/Card.cs
  artifactKey: Guid(9e794586c0f079a49b010fd258653378) Importer(815301076,1909f56bfc062723c751e8b465ee728b)
Start importing Assets/Scripts/Cards/Card.cs using Guid(9e794586c0f079a49b010fd258653378) Importer(815301076,1909f56bfc062723c751e8b465ee728b)  -> (artifact id: 'ea457537e6e0492bf53329af08e72a78') in 0.014644 seconds 
========================================================================
Received Import Request.
  Time since last request: 407.181846 seconds.
  path: Assets/Scripts/Cards/CardScriptable.cs
  artifactKey: Guid(ea0be466f888bc34ca235fee2df31803) Importer(815301076,1909f56bfc062723c751e8b465ee728b)
Start importing Assets/Scripts/Cards/CardScriptable.cs using Guid(ea0be466f888bc34ca235fee2df31803) Importer(815301076,1909f56bfc062723c751e8b465ee728b)  -> (artifact id: '14b3716f7151414eb7ad11f5f77a8c4e') in 0.005713 seconds 
========================================================================
Received Import Request.
  Time since last request: 158.908019 seconds.
  path: Assets/Scripts/Resources Managers/ResourcesManager.cs
  artifactKey: Guid(8bba20a439b06a7408b8dd2f40308448) Importer(815301076,1909f56bfc062723c751e8b465ee728b)
Start importing Assets/Scripts/Resources Managers/ResourcesManager.cs using Guid(8bba20a439b06a7408b8dd2f40308448) Importer(815301076,1909f56bfc062723c751e8b465ee728b)  -> (artifact id: '8107831cfd822a91751342fe59b73af3') in 0.001853 seconds 
========================================================================
Received Import Request.
  Time since last request: 155.519465 seconds.
  path: Assets/Scripts/Resources Managers/New Card.asset
  artifactKey: Guid(8a6e82c10f9da6c47a76a84a140f19de) Importer(815301076,1909f56bfc062723c751e8b465ee728b)
Start importing Assets/Scripts/Resources Managers/New Card.asset using Guid(8a6e82c10f9da6c47a76a84a140f19de) Importer(815301076,1909f56bfc062723c751e8b465ee728b)  -> (artifact id: '56af2b9ddf8ea9696cc60d96670cb492') in 0.020055 seconds 
========================================================================
Received Import Request.
  Time since last request: 299.015268 seconds.
  path: Assets/Prefabs/Arrow Black.prefab
  artifactKey: Guid(3e4216a6eec8bcf4fbfdd1016905d664) Importer(815301076,1909f56bfc062723c751e8b465ee728b)
Start importing Assets/Prefabs/Arrow Black.prefab using Guid(3e4216a6eec8bcf4fbfdd1016905d664) Importer(815301076,1909f56bfc062723c751e8b465ee728b)  -> (artifact id: '6db427a11942a0072c68487bbc8f1daf') in 0.026848 seconds 
========================================================================
Received Import Request.
  Time since last request: 13.072183 seconds.
  path: Assets/Prefabs/ArrowPrefab.prefab
  artifactKey: Guid(3e4216a6eec8bcf4fbfdd1016905d664) Importer(815301076,1909f56bfc062723c751e8b465ee728b)
Start importing Assets/Prefabs/ArrowPrefab.prefab using Guid(3e4216a6eec8bcf4fbfdd1016905d664) Importer(815301076,1909f56bfc062723c751e8b465ee728b)  -> (artifact id: '1b2d87f15b054e084cdd56b09b701eba') in 0.012353 seconds 
========================================================================
Received Import Request.
  Time since last request: 140.072561 seconds.
  path: Assets/Prefabs/ArrowPrefab.prefab
  artifactKey: Guid(3e4216a6eec8bcf4fbfdd1016905d664) Importer(815301076,1909f56bfc062723c751e8b465ee728b)
Start importing Assets/Prefabs/ArrowPrefab.prefab using Guid(3e4216a6eec8bcf4fbfdd1016905d664) Importer(815301076,1909f56bfc062723c751e8b465ee728b)  -> (artifact id: 'd9023deebd0a0e16bce48fbf730fb6a7') in 0.005664 seconds 
========================================================================
Received Prepare
Registering precompiled user dll's ...
Registered in 0.008072 seconds.
Begin MonoManager ReloadAssembly
Symbol file LoadedFromMemory doesn't match image C:\Users\ugmaj\Documents\GitHub\Definitely-Not-Uno\Library\PackageCache\com.unity.visualscripting@1.7.6\Editor\VisualScripting.Core\Dependencies\YamlDotNet\Unity.VisualScripting.YamlDotNet.dll
Symbol file LoadedFromMemory doesn't match image C:\Users\ugmaj\Documents\GitHub\Definitely-Not-Uno\Library\PackageCache\com.unity.visualscripting@1.7.6\Editor\VisualScripting.Core\Dependencies\DotNetZip\Unity.VisualScripting.IonicZip.dll
Native extension for WindowsStandalone target not found
Refreshing native plugins compatible for Editor in 0.97 ms, found 4 plugins.
Preloading 0 native plugins for Editor in 0.00 ms.
Mono: successfully reloaded assembly
- Completed reload, in  1.157 seconds
Domain Reload Profiling:
	ReloadAssembly (1158ms)
		BeginReloadAssembly (180ms)
			ExecutionOrderSort (0ms)
			DisableScriptedObjects (12ms)
			BackupInstance (0ms)
			ReleaseScriptingObjects (0ms)
			CreateAndSetChildDomain (60ms)
		EndReloadAssembly (882ms)
			LoadAssemblies (101ms)
			RebuildTransferFunctionScriptingTraits (0ms)
			SetupTypeCache (239ms)
			ReleaseScriptCaches (2ms)
			RebuildScriptCaches (42ms)
			SetupLoadedEditorAssemblies (446ms)
				LogAssemblyErrors (0ms)
				InitializePlatformSupportModulesInManaged (13ms)
				SetLoadedEditorAssemblies (1ms)
				RefreshPlugins (1ms)
				BeforeProcessingInitializeOnLoad (68ms)
				ProcessInitializeOnLoadAttributes (317ms)
				ProcessInitializeOnLoadMethodAttributes (39ms)
				AfterProcessingInitializeOnLoad (6ms)
				EditorAssembliesLoaded (0ms)
			ExecutionOrderSort2 (0ms)
			AwakeInstancesAfterBackupRestoration (24ms)
Platform modules already initialized, skipping
Refreshing native plugins compatible for Editor in 0.78 ms, found 4 plugins.
Preloading 0 native plugins for Editor in 0.00 ms.
Unloading 3940 Unused Serialized files (Serialized files now loaded: 0)
Unloading 26 unused Assets / (24.7 KB). Loaded Objects now: 4950.
Memory consumption went from 184.8 MB to 184.8 MB.
Total: 4.821700 ms (FindLiveObjects: 0.348600 ms CreateObjectMapping: 0.210400 ms MarkObjects: 4.231600 ms  DeleteObjects: 0.030000 ms)

AssetImportParameters requested are different than current active one (requested -> active):
  custom:video-decoder-ogg-theora: a1e56fd34408186e4bbccfd4996cb3dc -> 
  custom:container-muxer-webm: aa71ff27fc2769a1b78a27578f13a17b -> 
  custom:container-demuxer-webm: 4f35f7cbe854078d1ac9338744f61a02 -> 
  custom:video-encoder-webm-vp8: eb34c28f22e8b96e1ab97ce403110664 -> 
  custom:audio-encoder-webm-vorbis: bf7c407c2cedff20999df2af8eb42d56 -> 
  custom:framework-win-MediaFoundation: 216162199b28c13a410421893ffa2e32 -> 
  custom:container-demuxer-ogg: 62fdf1f143b41e24485cea50d1cbac27 -> 
  custom:video-decoder-webm-vp8: 9c59270c3fd7afecdb556c50c9e8de78 -> 
  custom:audio-decoder-ogg-vorbis: bf7c407c2cedff20999df2af8eb42d56 -> 
========================================================================
Received Prepare
Registering precompiled user dll's ...
Registered in 0.013265 seconds.
Begin MonoManager ReloadAssembly
Symbol file LoadedFromMemory doesn't match image C:\Users\ugmaj\Documents\GitHub\Definitely-Not-Uno\Library\PackageCache\com.unity.visualscripting@1.7.6\Editor\VisualScripting.Core\Dependencies\YamlDotNet\Unity.VisualScripting.YamlDotNet.dll
Symbol file LoadedFromMemory doesn't match image C:\Users\ugmaj\Documents\GitHub\Definitely-Not-Uno\Library\PackageCache\com.unity.visualscripting@1.7.6\Editor\VisualScripting.Core\Dependencies\DotNetZip\Unity.VisualScripting.IonicZip.dll
Native extension for WindowsStandalone target not found
Refreshing native plugins compatible for Editor in 0.55 ms, found 4 plugins.
Preloading 0 native plugins for Editor in 0.00 ms.
Mono: successfully reloaded assembly
- Completed reload, in  1.300 seconds
Domain Reload Profiling:
	ReloadAssembly (1301ms)
		BeginReloadAssembly (173ms)
			ExecutionOrderSort (0ms)
			DisableScriptedObjects (12ms)
			BackupInstance (0ms)
			ReleaseScriptingObjects (0ms)
			CreateAndSetChildDomain (44ms)
		EndReloadAssembly (989ms)
			LoadAssemblies (109ms)
			RebuildTransferFunctionScriptingTraits (0ms)
			SetupTypeCache (339ms)
			ReleaseScriptCaches (1ms)
			RebuildScriptCaches (47ms)
			SetupLoadedEditorAssemblies (449ms)
				LogAssemblyErrors (0ms)
				InitializePlatformSupportModulesInManaged (11ms)
				SetLoadedEditorAssemblies (0ms)
				RefreshPlugins (1ms)
				BeforeProcessingInitializeOnLoad (73ms)
				ProcessInitializeOnLoadAttributes (326ms)
				ProcessInitializeOnLoadMethodAttributes (29ms)
				AfterProcessingInitializeOnLoad (8ms)
				EditorAssembliesLoaded (1ms)
			ExecutionOrderSort2 (0ms)
			AwakeInstancesAfterBackupRestoration (25ms)
Platform modules already initialized, skipping
Refreshing native plugins compatible for Editor in 1.08 ms, found 4 plugins.
Preloading 0 native plugins for Editor in 0.00 ms.
Unloading 3940 Unused Serialized files (Serialized files now loaded: 0)
Unloading 26 unused Assets / (24.6 KB). Loaded Objects now: 4952.
Memory consumption went from 184.9 MB to 184.8 MB.
Total: 2.667300 ms (FindLiveObjects: 0.285100 ms CreateObjectMapping: 0.198500 ms MarkObjects: 2.163300 ms  DeleteObjects: 0.019000 ms)

AssetImportParameters requested are different than current active one (requested -> active):
  custom:video-decoder-ogg-theora: a1e56fd34408186e4bbccfd4996cb3dc -> 
  custom:container-muxer-webm: aa71ff27fc2769a1b78a27578f13a17b -> 
  custom:container-demuxer-webm: 4f35f7cbe854078d1ac9338744f61a02 -> 
  custom:video-encoder-webm-vp8: eb34c28f22e8b96e1ab97ce403110664 -> 
  custom:audio-encoder-webm-vorbis: bf7c407c2cedff20999df2af8eb42d56 -> 
  custom:framework-win-MediaFoundation: 216162199b28c13a410421893ffa2e32 -> 
  custom:container-demuxer-ogg: 62fdf1f143b41e24485cea50d1cbac27 -> 
  custom:video-decoder-webm-vp8: 9c59270c3fd7afecdb556c50c9e8de78 -> 
  custom:audio-decoder-ogg-vorbis: bf7c407c2cedff20999df2af8eb42d56 -> 
========================================================================
Received Prepare
Registering precompiled user dll's ...
Registered in 0.008231 seconds.
Begin MonoManager ReloadAssembly
Symbol file LoadedFromMemory doesn't match image C:\Users\ugmaj\Documents\GitHub\Definitely-Not-Uno\Library\PackageCache\com.unity.visualscripting@1.7.6\Editor\VisualScripting.Core\Dependencies\YamlDotNet\Unity.VisualScripting.YamlDotNet.dll
Symbol file LoadedFromMemory doesn't match image C:\Users\ugmaj\Documents\GitHub\Definitely-Not-Uno\Library\PackageCache\com.unity.visualscripting@1.7.6\Editor\VisualScripting.Core\Dependencies\DotNetZip\Unity.VisualScripting.IonicZip.dll
Native extension for WindowsStandalone target not found
Refreshing native plugins compatible for Editor in 0.59 ms, found 4 plugins.
Preloading 0 native plugins for Editor in 0.00 ms.
Mono: successfully reloaded assembly
- Completed reload, in  1.140 seconds
Domain Reload Profiling:
	ReloadAssembly (1141ms)
		BeginReloadAssembly (167ms)
			ExecutionOrderSort (0ms)
			DisableScriptedObjects (14ms)
			BackupInstance (0ms)
			ReleaseScriptingObjects (0ms)
			CreateAndSetChildDomain (43ms)
		EndReloadAssembly (884ms)
			LoadAssemblies (102ms)
			RebuildTransferFunctionScriptingTraits (0ms)
			SetupTypeCache (266ms)
			ReleaseScriptCaches (1ms)
			RebuildScriptCaches (53ms)
			SetupLoadedEditorAssemblies (424ms)
				LogAssemblyErrors (0ms)
				InitializePlatformSupportModulesInManaged (10ms)
				SetLoadedEditorAssemblies (0ms)
				RefreshPlugins (1ms)
				BeforeProcessingInitializeOnLoad (75ms)
				ProcessInitializeOnLoadAttributes (301ms)
				ProcessInitializeOnLoadMethodAttributes (31ms)
				AfterProcessingInitializeOnLoad (6ms)
				EditorAssembliesLoaded (0ms)
			ExecutionOrderSort2 (0ms)
			AwakeInstancesAfterBackupRestoration (19ms)
Platform modules already initialized, skipping
Refreshing native plugins compatible for Editor in 0.90 ms, found 4 plugins.
Preloading 0 native plugins for Editor in 0.00 ms.
Unloading 3940 Unused Serialized files (Serialized files now loaded: 0)
Unloading 26 unused Assets / (24.7 KB). Loaded Objects now: 4954.
Memory consumption went from 184.9 MB to 184.8 MB.
Total: 2.703700 ms (FindLiveObjects: 0.313300 ms CreateObjectMapping: 0.218400 ms MarkObjects: 2.154100 ms  DeleteObjects: 0.017200 ms)

AssetImportParameters requested are different than current active one (requested -> active):
  custom:video-decoder-ogg-theora: a1e56fd34408186e4bbccfd4996cb3dc -> 
  custom:container-muxer-webm: aa71ff27fc2769a1b78a27578f13a17b -> 
  custom:container-demuxer-webm: 4f35f7cbe854078d1ac9338744f61a02 -> 
  custom:video-encoder-webm-vp8: eb34c28f22e8b96e1ab97ce403110664 -> 
  custom:audio-encoder-webm-vorbis: bf7c407c2cedff20999df2af8eb42d56 -> 
  custom:framework-win-MediaFoundation: 216162199b28c13a410421893ffa2e32 -> 
  custom:container-demuxer-ogg: 62fdf1f143b41e24485cea50d1cbac27 -> 
  custom:video-decoder-webm-vp8: 9c59270c3fd7afecdb556c50c9e8de78 -> 
  custom:audio-decoder-ogg-vorbis: bf7c407c2cedff20999df2af8eb42d56 -> 
========================================================================
Received Import Request.
  Time since last request: 723.043226 seconds.
  path: Assets/Scripts/Clickables
  artifactKey: Guid(7ab9d9b5ac9c54c41b2c683c8eea73e7) Importer(815301076,1909f56bfc062723c751e8b465ee728b)
Start importing Assets/Scripts/Clickables using Guid(7ab9d9b5ac9c54c41b2c683c8eea73e7) Importer(815301076,1909f56bfc062723c751e8b465ee728b)  -> (artifact id: '31867f6dcfdccc2e8e1a32003b69f641') in 0.008967 seconds 
========================================================================
Received Import Request.
  Time since last request: 4.503120 seconds.
  path: Assets/Scripts/Cards
  artifactKey: Guid(2007100b79124bd45a79d29a43852511) Importer(815301076,1909f56bfc062723c751e8b465ee728b)
Start importing Assets/Scripts/Cards using Guid(2007100b79124bd45a79d29a43852511) Importer(815301076,1909f56bfc062723c751e8b465ee728b)  -> (artifact id: '89e1a691c193e7f1f8d8048980b024ee') in 0.004938 seconds 
========================================================================
Received Import Request.
  Time since last request: 6.218580 seconds.
  path: Assets/Scripts
  artifactKey: Guid(6fb3ff100923bc14fa5c348d96857208) Importer(815301076,1909f56bfc062723c751e8b465ee728b)
Start importing Assets/Scripts using Guid(6fb3ff100923bc14fa5c348d96857208) Importer(815301076,1909f56bfc062723c751e8b465ee728b)  -> (artifact id: '9fd8c85ef91b91efa731c15c9eaed4e1') in 0.005139 seconds 
========================================================================
Received Import Request.
  Time since last request: 10.768930 seconds.
  path: Assets/Scripts/Arrow
  artifactKey: Guid(f4c5f91d1966e8b4598479f18430bf26) Importer(815301076,1909f56bfc062723c751e8b465ee728b)
Start importing Assets/Scripts/Arrow using Guid(f4c5f91d1966e8b4598479f18430bf26) Importer(815301076,1909f56bfc062723c751e8b465ee728b)  -> (artifact id: 'b09f55cdd9b290ba2358f7112d6de5c9') in 0.005212 seconds 
========================================================================
Received Import Request.
  Time since last request: 2.498961 seconds.
  path: Assets/Scripts/Arrow/CardScriptable.cs
  artifactKey: Guid(b22c55f328a309f438daad4382389ee8) Importer(815301076,1909f56bfc062723c751e8b465ee728b)
Start importing Assets/Scripts/Arrow/CardScriptable.cs using Guid(b22c55f328a309f438daad4382389ee8) Importer(815301076,1909f56bfc062723c751e8b465ee728b)  -> (artifact id: '5ea4428c9bacaa3406f85aa2b49bf59f') in 0.002288 seconds 
========================================================================
Received Import Request.
  Time since last request: 5.496438 seconds.
  path: Assets/Scripts/Arrow/ArrowScriptable.cs
  artifactKey: Guid(b22c55f328a309f438daad4382389ee8) Importer(815301076,1909f56bfc062723c751e8b465ee728b)
Start importing Assets/Scripts/Arrow/ArrowScriptable.cs using Guid(b22c55f328a309f438daad4382389ee8) Importer(815301076,1909f56bfc062723c751e8b465ee728b)  -> (artifact id: 'cd6f386b2aa9debec76dff8de32a9cbc') in 0.004473 seconds 
========================================================================
Received Prepare
Registering precompiled user dll's ...
Registered in 0.008608 seconds.
Begin MonoManager ReloadAssembly
Symbol file LoadedFromMemory doesn't match image C:\Users\ugmaj\Documents\GitHub\Definitely-Not-Uno\Library\PackageCache\com.unity.visualscripting@1.7.6\Editor\VisualScripting.Core\Dependencies\YamlDotNet\Unity.VisualScripting.YamlDotNet.dll
Symbol file LoadedFromMemory doesn't match image C:\Users\ugmaj\Documents\GitHub\Definitely-Not-Uno\Library\PackageCache\com.unity.visualscripting@1.7.6\Editor\VisualScripting.Core\Dependencies\DotNetZip\Unity.VisualScripting.IonicZip.dll
Native extension for WindowsStandalone target not found
Refreshing native plugins compatible for Editor in 0.73 ms, found 4 plugins.
Preloading 0 native plugins for Editor in 0.00 ms.
Mono: successfully reloaded assembly
- Completed reload, in  1.204 seconds
Domain Reload Profiling:
	ReloadAssembly (1205ms)
		BeginReloadAssembly (159ms)
			ExecutionOrderSort (0ms)
			DisableScriptedObjects (13ms)
			BackupInstance (0ms)
			ReleaseScriptingObjects (0ms)
			CreateAndSetChildDomain (43ms)
		EndReloadAssembly (941ms)
			LoadAssemblies (96ms)
			RebuildTransferFunctionScriptingTraits (0ms)
			SetupTypeCache (288ms)
			ReleaseScriptCaches (2ms)
			RebuildScriptCaches (47ms)
			SetupLoadedEditorAssemblies (466ms)
				LogAssemblyErrors (0ms)
				InitializePlatformSupportModulesInManaged (18ms)
				SetLoadedEditorAssemblies (1ms)
				RefreshPlugins (1ms)
				BeforeProcessingInitializeOnLoad (77ms)
				ProcessInitializeOnLoadAttributes (316ms)
				ProcessInitializeOnLoadMethodAttributes (46ms)
				AfterProcessingInitializeOnLoad (7ms)
				EditorAssembliesLoaded (0ms)
			ExecutionOrderSort2 (0ms)
			AwakeInstancesAfterBackupRestoration (21ms)
Platform modules already initialized, skipping
Refreshing native plugins compatible for Editor in 1.08 ms, found 4 plugins.
Preloading 0 native plugins for Editor in 0.00 ms.
Unloading 3941 Unused Serialized files (Serialized files now loaded: 0)
Unloading 26 unused Assets / (24.6 KB). Loaded Objects now: 4957.
Memory consumption went from 184.9 MB to 184.9 MB.
Total: 2.987600 ms (FindLiveObjects: 0.317000 ms CreateObjectMapping: 0.219000 ms MarkObjects: 2.433700 ms  DeleteObjects: 0.016800 ms)

AssetImportParameters requested are different than current active one (requested -> active):
  custom:video-decoder-ogg-theora: a1e56fd34408186e4bbccfd4996cb3dc -> 
  custom:container-muxer-webm: aa71ff27fc2769a1b78a27578f13a17b -> 
  custom:container-demuxer-webm: 4f35f7cbe854078d1ac9338744f61a02 -> 
  custom:video-encoder-webm-vp8: eb34c28f22e8b96e1ab97ce403110664 -> 
  custom:audio-encoder-webm-vorbis: bf7c407c2cedff20999df2af8eb42d56 -> 
  custom:framework-win-MediaFoundation: 216162199b28c13a410421893ffa2e32 -> 
  custom:container-demuxer-ogg: 62fdf1f143b41e24485cea50d1cbac27 -> 
  custom:video-decoder-webm-vp8: 9c59270c3fd7afecdb556c50c9e8de78 -> 
  custom:audio-decoder-ogg-vorbis: bf7c407c2cedff20999df2af8eb42d56 -> 
========================================================================
Received Import Request.
  Time since last request: 171.741387 seconds.
  path: Assets/Scriptables
  artifactKey: Guid(22e40bfd1d29262419da761883ddf5f8) Importer(815301076,1909f56bfc062723c751e8b465ee728b)
Start importing Assets/Scriptables using Guid(22e40bfd1d29262419da761883ddf5f8) Importer(815301076,1909f56bfc062723c751e8b465ee728b)  -> (artifact id: '787f3629e72213502c87b73f35326eb9') in 0.012727 seconds 
========================================================================
Received Import Request.
  Time since last request: 4.570391 seconds.
  path: Assets/Scriptables/Arrows
  artifactKey: Guid(fce87b87ea277c14ca5294d64b87281e) Importer(815301076,1909f56bfc062723c751e8b465ee728b)
Start importing Assets/Scriptables/Arrows using Guid(fce87b87ea277c14ca5294d64b87281e) Importer(815301076,1909f56bfc062723c751e8b465ee728b)  -> (artifact id: '92127c5ae7c1320536c95d133c383303') in 0.007358 seconds 
========================================================================
Received Import Request.
  Time since last request: 9.638310 seconds.
  path: Assets/Scriptables/Arrows/New Arrow.asset
  artifactKey: Guid(65eed305f540b6341bc6b795808e6593) Importer(815301076,1909f56bfc062723c751e8b465ee728b)
Start importing Assets/Scriptables/Arrows/New Arrow.asset using Guid(65eed305f540b6341bc6b795808e6593) Importer(815301076,1909f56bfc062723c751e8b465ee728b)  -> (artifact id: '64d34c4534644ef1b2023bea89203d0d') in 0.015932 seconds 
========================================================================
Received Import Request.
  Time since last request: 14.616834 seconds.
  path: Assets/Scriptables/Arrows/Arrow Red.asset
  artifactKey: Guid(65eed305f540b6341bc6b795808e6593) Importer(815301076,1909f56bfc062723c751e8b465ee728b)
Start importing Assets/Scriptables/Arrows/Arrow Red.asset using Guid(65eed305f540b6341bc6b795808e6593) Importer(815301076,1909f56bfc062723c751e8b465ee728b)  -> (artifact id: 'aed6e8aca74bf6822e54d837bccbd2ac') in 0.006483 seconds 
========================================================================
Received Import Request.
  Time since last request: 5.366163 seconds.
  path: Assets/Scriptables/Arrows/New Arrow.asset
  artifactKey: Guid(4f1ae6258df5b56489bfb1442a1be794) Importer(815301076,1909f56bfc062723c751e8b465ee728b)
Start importing Assets/Scriptables/Arrows/New Arrow.asset using Guid(4f1ae6258df5b56489bfb1442a1be794) Importer(815301076,1909f56bfc062723c751e8b465ee728b)  -> (artifact id: 'd0e9abe3490d8a8d5e45b9d781678ad5') in 0.002065 seconds 
========================================================================
Received Import Request.
  Time since last request: 17.272466 seconds.
  path: Assets/Scriptables/Arrows/Arrow Green.asset
  artifactKey: Guid(4f1ae6258df5b56489bfb1442a1be794) Importer(815301076,1909f56bfc062723c751e8b465ee728b)
Start importing Assets/Scriptables/Arrows/Arrow Green.asset using Guid(4f1ae6258df5b56489bfb1442a1be794) Importer(815301076,1909f56bfc062723c751e8b465ee728b)  -> (artifact id: 'ca768dfb2ea8d048a01cc505186e8fd9') in 0.006188 seconds 
========================================================================
Received Import Request.
  Time since last request: 2.044664 seconds.
  path: Assets/Scriptables/Arrows/Arrow Red 1.asset
  artifactKey: Guid(171aa6d490ccbeb4d9166cedc53fc4d3) Importer(815301076,1909f56bfc062723c751e8b465ee728b)
Start importing Assets/Scriptables/Arrows/Arrow Red 1.asset using Guid(171aa6d490ccbeb4d9166cedc53fc4d3) Importer(815301076,1909f56bfc062723c751e8b465ee728b)  -> (artifact id: 'a3dccfeb90436b4d40de40724b57322b') in 0.007198 seconds 
========================================================================
Received Import Request.
  Time since last request: 18.806093 seconds.
  path: Assets/Scriptables/Arrows/Arrow Blue.asset
  artifactKey: Guid(171aa6d490ccbeb4d9166cedc53fc4d3) Importer(815301076,1909f56bfc062723c751e8b465ee728b)
Start importing Assets/Scriptables/Arrows/Arrow Blue.asset using Guid(171aa6d490ccbeb4d9166cedc53fc4d3) Importer(815301076,1909f56bfc062723c751e8b465ee728b)  -> (artifact id: '37f721989b9f12d87889ca6cc3bd4541') in 0.006410 seconds 
========================================================================
Received Import Request.
  Time since last request: 1.425068 seconds.
  path: Assets/Scriptables/Arrows/Arrow Red 1.asset
  artifactKey: Guid(e4338a16e8a74974a8600f89f626d625) Importer(815301076,1909f56bfc062723c751e8b465ee728b)
Start importing Assets/Scriptables/Arrows/Arrow Red 1.asset using Guid(e4338a16e8a74974a8600f89f626d625) Importer(815301076,1909f56bfc062723c751e8b465ee728b)  -> (artifact id: 'b202a6235a65f36cc822991732e7b608') in 0.002486 seconds 
========================================================================
Received Import Request.
  Time since last request: 5.463304 seconds.
  path: Assets/Scriptables/Arrows/Arrow Yellow.asset
  artifactKey: Guid(e4338a16e8a74974a8600f89f626d625) Importer(815301076,1909f56bfc062723c751e8b465ee728b)
Start importing Assets/Scriptables/Arrows/Arrow Yellow.asset using Guid(e4338a16e8a74974a8600f89f626d625) Importer(815301076,1909f56bfc062723c751e8b465ee728b)  -> (artifact id: 'dd0b9ef01bd3bab26dccab147f27d347') in 0.005647 seconds 
========================================================================
Received Import Request.
  Time since last request: 12.275231 seconds.
  path: Assets/Scriptables/Arrows/Arrow Red 1.asset
  artifactKey: Guid(8bc42570e60dd7e4b932cd06592c0e21) Importer(815301076,1909f56bfc062723c751e8b465ee728b)
Start importing Assets/Scriptables/Arrows/Arrow Red 1.asset using Guid(8bc42570e60dd7e4b932cd06592c0e21) Importer(815301076,1909f56bfc062723c751e8b465ee728b)  -> (artifact id: '116b0628b2bebe1c3b99de8ec03c3cc5') in 0.003161 seconds 
========================================================================
Received Import Request.
  Time since last request: 5.000760 seconds.
  path: Assets/Scriptables/Arrows/Arrow Black.asset
  artifactKey: Guid(8bc42570e60dd7e4b932cd06592c0e21) Importer(815301076,1909f56bfc062723c751e8b465ee728b)
Start importing Assets/Scriptables/Arrows/Arrow Black.asset using Guid(8bc42570e60dd7e4b932cd06592c0e21) Importer(815301076,1909f56bfc062723c751e8b465ee728b)  -> (artifact id: 'eba266028cad3333c9244a7a94ff4ffe') in 0.004106 seconds 
========================================================================
Received Import Request.
  Time since last request: 50.454192 seconds.
  path: Assets/Scripts/Arrow/ArrowDisplay.cs
  artifactKey: Guid(df88a31326328c8499b253d1c8bc7681) Importer(815301076,1909f56bfc062723c751e8b465ee728b)
Start importing Assets/Scripts/Arrow/ArrowDisplay.cs using Guid(df88a31326328c8499b253d1c8bc7681) Importer(815301076,1909f56bfc062723c751e8b465ee728b)  -> (artifact id: '5d68b220d5229a3da15cc3d0e809b497') in 0.006217 seconds 
========================================================================
Received Import Request.
  Time since last request: 0.768258 seconds.
  path: Assets/Scripts/Arrow/ArrowScriptable.cs
  artifactKey: Guid(b22c55f328a309f438daad4382389ee8) Importer(815301076,1909f56bfc062723c751e8b465ee728b)
Start importing Assets/Scripts/Arrow/ArrowScriptable.cs using Guid(b22c55f328a309f438daad4382389ee8) Importer(815301076,1909f56bfc062723c751e8b465ee728b)  -> (artifact id: '9db58fa3d646abfd265dfeb7b16d3c2b') in 0.001952 seconds 
========================================================================
Received Prepare
Registering precompiled user dll's ...
Registered in 0.010289 seconds.
Begin MonoManager ReloadAssembly
Symbol file LoadedFromMemory doesn't match image C:\Users\ugmaj\Documents\GitHub\Definitely-Not-Uno\Library\PackageCache\com.unity.visualscripting@1.7.6\Editor\VisualScripting.Core\Dependencies\YamlDotNet\Unity.VisualScripting.YamlDotNet.dll
Symbol file LoadedFromMemory doesn't match image C:\Users\ugmaj\Documents\GitHub\Definitely-Not-Uno\Library\PackageCache\com.unity.visualscripting@1.7.6\Editor\VisualScripting.Core\Dependencies\DotNetZip\Unity.VisualScripting.IonicZip.dll
Native extension for WindowsStandalone target not found
Refreshing native plugins compatible for Editor in 0.56 ms, found 4 plugins.
Preloading 0 native plugins for Editor in 0.00 ms.
Mono: successfully reloaded assembly
- Completed reload, in  1.118 seconds
Domain Reload Profiling:
	ReloadAssembly (1120ms)
		BeginReloadAssembly (149ms)
			ExecutionOrderSort (0ms)
			DisableScriptedObjects (13ms)
			BackupInstance (0ms)
			ReleaseScriptingObjects (0ms)
			CreateAndSetChildDomain (48ms)
		EndReloadAssembly (865ms)
			LoadAssemblies (98ms)
			RebuildTransferFunctionScriptingTraits (0ms)
			SetupTypeCache (235ms)
			ReleaseScriptCaches (3ms)
			RebuildScriptCaches (45ms)
			SetupLoadedEditorAssemblies (436ms)
				LogAssemblyErrors (0ms)
				InitializePlatformSupportModulesInManaged (12ms)
				SetLoadedEditorAssemblies (0ms)
				RefreshPlugins (1ms)
				BeforeProcessingInitializeOnLoad (73ms)
				ProcessInitializeOnLoadAttributes (301ms)
				ProcessInitializeOnLoadMethodAttributes (34ms)
				AfterProcessingInitializeOnLoad (15ms)
				EditorAssembliesLoaded (0ms)
			ExecutionOrderSort2 (0ms)
			AwakeInstancesAfterBackupRestoration (23ms)
Platform modules already initialized, skipping
Refreshing native plugins compatible for Editor in 0.88 ms, found 4 plugins.
Preloading 0 native plugins for Editor in 0.00 ms.
Unloading 3942 Unused Serialized files (Serialized files now loaded: 0)
Unloading 26 unused Assets / (24.6 KB). Loaded Objects now: 4960.
Memory consumption went from 184.9 MB to 184.9 MB.
Total: 4.490600 ms (FindLiveObjects: 0.457100 ms CreateObjectMapping: 0.348400 ms MarkObjects: 3.652400 ms  DeleteObjects: 0.030800 ms)

AssetImportParameters requested are different than current active one (requested -> active):
  custom:video-decoder-ogg-theora: a1e56fd34408186e4bbccfd4996cb3dc -> 
  custom:container-muxer-webm: aa71ff27fc2769a1b78a27578f13a17b -> 
  custom:container-demuxer-webm: 4f35f7cbe854078d1ac9338744f61a02 -> 
  custom:video-encoder-webm-vp8: eb34c28f22e8b96e1ab97ce403110664 -> 
  custom:audio-encoder-webm-vorbis: bf7c407c2cedff20999df2af8eb42d56 -> 
  custom:framework-win-MediaFoundation: 216162199b28c13a410421893ffa2e32 -> 
  custom:container-demuxer-ogg: 62fdf1f143b41e24485cea50d1cbac27 -> 
  custom:video-decoder-webm-vp8: 9c59270c3fd7afecdb556c50c9e8de78 -> 
  custom:audio-decoder-ogg-vorbis: bf7c407c2cedff20999df2af8eb42d56 -> 
========================================================================
Received Import Request.
  Time since last request: 11.843512 seconds.
  path: Assets/Scripts/Cards/CardDisplay.cs
  artifactKey: Guid(0abeda8ce9e611d4fabab52c22b344c9) Importer(815301076,1909f56bfc062723c751e8b465ee728b)
Start importing Assets/Scripts/Cards/CardDisplay.cs using Guid(0abeda8ce9e611d4fabab52c22b344c9) Importer(815301076,1909f56bfc062723c751e8b465ee728b)  -> (artifact id: '3ff91c656ea80793386c0b08dbf0f943') in 0.012117 seconds 
========================================================================
Received Prepare
Registering precompiled user dll's ...
Registered in 0.008306 seconds.
Begin MonoManager ReloadAssembly
Symbol file LoadedFromMemory doesn't match image C:\Users\ugmaj\Documents\GitHub\Definitely-Not-Uno\Library\PackageCache\com.unity.visualscripting@1.7.6\Editor\VisualScripting.Core\Dependencies\YamlDotNet\Unity.VisualScripting.YamlDotNet.dll
Symbol file LoadedFromMemory doesn't match image C:\Users\ugmaj\Documents\GitHub\Definitely-Not-Uno\Library\PackageCache\com.unity.visualscripting@1.7.6\Editor\VisualScripting.Core\Dependencies\DotNetZip\Unity.VisualScripting.IonicZip.dll
Native extension for WindowsStandalone target not found
Refreshing native plugins compatible for Editor in 0.55 ms, found 4 plugins.
Preloading 0 native plugins for Editor in 0.00 ms.
Mono: successfully reloaded assembly
- Completed reload, in  1.115 seconds
Domain Reload Profiling:
	ReloadAssembly (1116ms)
		BeginReloadAssembly (172ms)
			ExecutionOrderSort (0ms)
			DisableScriptedObjects (11ms)
			BackupInstance (0ms)
			ReleaseScriptingObjects (0ms)
			CreateAndSetChildDomain (46ms)
		EndReloadAssembly (844ms)
			LoadAssemblies (106ms)
			RebuildTransferFunctionScriptingTraits (0ms)
			SetupTypeCache (235ms)
			ReleaseScriptCaches (1ms)
			RebuildScriptCaches (48ms)
			SetupLoadedEditorAssemblies (422ms)
				LogAssemblyErrors (0ms)
				InitializePlatformSupportModulesInManaged (13ms)
				SetLoadedEditorAssemblies (0ms)
				RefreshPlugins (1ms)
				BeforeProcessingInitializeOnLoad (73ms)
				ProcessInitializeOnLoadAttributes (296ms)
				ProcessInitializeOnLoadMethodAttributes (32ms)
				AfterProcessingInitializeOnLoad (6ms)
				EditorAssembliesLoaded (0ms)
			ExecutionOrderSort2 (0ms)
			AwakeInstancesAfterBackupRestoration (19ms)
Platform modules already initialized, skipping
Refreshing native plugins compatible for Editor in 0.69 ms, found 4 plugins.
Preloading 0 native plugins for Editor in 0.00 ms.
Unloading 3941 Unused Serialized files (Serialized files now loaded: 0)
Unloading 27 unused Assets / (24.7 KB). Loaded Objects now: 4961.
Memory consumption went from 185.0 MB to 185.0 MB.
Total: 5.000600 ms (FindLiveObjects: 0.539900 ms CreateObjectMapping: 0.294100 ms MarkObjects: 4.144400 ms  DeleteObjects: 0.020700 ms)

AssetImportParameters requested are different than current active one (requested -> active):
  custom:video-decoder-ogg-theora: a1e56fd34408186e4bbccfd4996cb3dc -> 
  custom:container-muxer-webm: aa71ff27fc2769a1b78a27578f13a17b -> 
  custom:container-demuxer-webm: 4f35f7cbe854078d1ac9338744f61a02 -> 
  custom:video-encoder-webm-vp8: eb34c28f22e8b96e1ab97ce403110664 -> 
  custom:audio-encoder-webm-vorbis: bf7c407c2cedff20999df2af8eb42d56 -> 
  custom:framework-win-MediaFoundation: 216162199b28c13a410421893ffa2e32 -> 
  custom:container-demuxer-ogg: 62fdf1f143b41e24485cea50d1cbac27 -> 
  custom:video-decoder-webm-vp8: 9c59270c3fd7afecdb556c50c9e8de78 -> 
  custom:audio-decoder-ogg-vorbis: bf7c407c2cedff20999df2af8eb42d56 -> 
========================================================================
Received Import Request.
  Time since last request: 24.223497 seconds.
  path: Assets/Scripts/Arrow/CardDisplay.cs
  artifactKey: Guid(bc513337d2a9cba4bbbc18d795c59605) Importer(815301076,1909f56bfc062723c751e8b465ee728b)
Start importing Assets/Scripts/Arrow/CardDisplay.cs using Guid(bc513337d2a9cba4bbbc18d795c59605) Importer(815301076,1909f56bfc062723c751e8b465ee728b)  -> (artifact id: '903ff683ae29da49429f445cc99f3790') in 0.006067 seconds 
========================================================================
Received Import Request.
  Time since last request: 5.478849 seconds.
  path: Assets/Scripts/Arrow/ArrowDisplay.cs
  artifactKey: Guid(bc513337d2a9cba4bbbc18d795c59605) Importer(815301076,1909f56bfc062723c751e8b465ee728b)
Start importing Assets/Scripts/Arrow/ArrowDisplay.cs using Guid(bc513337d2a9cba4bbbc18d795c59605) Importer(815301076,1909f56bfc062723c751e8b465ee728b)  -> (artifact id: '4e3fad64501588abbb10fbebabc59b94') in 0.001629 seconds 
========================================================================
Received Prepare
Registering precompiled user dll's ...
Registered in 0.007053 seconds.
Begin MonoManager ReloadAssembly
Symbol file LoadedFromMemory doesn't match image C:\Users\ugmaj\Documents\GitHub\Definitely-Not-Uno\Library\PackageCache\com.unity.visualscripting@1.7.6\Editor\VisualScripting.Core\Dependencies\YamlDotNet\Unity.VisualScripting.YamlDotNet.dll
Symbol file LoadedFromMemory doesn't match image C:\Users\ugmaj\Documents\GitHub\Definitely-Not-Uno\Library\PackageCache\com.unity.visualscripting@1.7.6\Editor\VisualScripting.Core\Dependencies\DotNetZip\Unity.VisualScripting.IonicZip.dll
Native extension for WindowsStandalone target not found
Refreshing native plugins compatible for Editor in 0.56 ms, found 4 plugins.
Preloading 0 native plugins for Editor in 0.00 ms.
Mono: successfully reloaded assembly
- Completed reload, in  1.124 seconds
Domain Reload Profiling:
	ReloadAssembly (1125ms)
		BeginReloadAssembly (154ms)
			ExecutionOrderSort (0ms)
			DisableScriptedObjects (11ms)
			BackupInstance (0ms)
			ReleaseScriptingObjects (0ms)
			CreateAndSetChildDomain (39ms)
		EndReloadAssembly (869ms)
			LoadAssemblies (86ms)
			RebuildTransferFunctionScriptingTraits (0ms)
			SetupTypeCache (235ms)
			ReleaseScriptCaches (1ms)
			RebuildScriptCaches (50ms)
			SetupLoadedEditorAssemblies (441ms)
				LogAssemblyErrors (0ms)
				InitializePlatformSupportModulesInManaged (12ms)
				SetLoadedEditorAssemblies (0ms)
				RefreshPlugins (1ms)
				BeforeProcessingInitializeOnLoad (70ms)
				ProcessInitializeOnLoadAttributes (315ms)
				ProcessInitializeOnLoadMethodAttributes (33ms)
				AfterProcessingInitializeOnLoad (9ms)
				EditorAssembliesLoaded (0ms)
			ExecutionOrderSort2 (0ms)
			AwakeInstancesAfterBackupRestoration (21ms)
Platform modules already initialized, skipping
Refreshing native plugins compatible for Editor in 0.67 ms, found 4 plugins.
Preloading 0 native plugins for Editor in 0.00 ms.
Unloading 3942 Unused Serialized files (Serialized files now loaded: 0)
Unloading 26 unused Assets / (24.6 KB). Loaded Objects now: 4964.
Memory consumption went from 185.1 MB to 185.0 MB.
Total: 2.667200 ms (FindLiveObjects: 0.282200 ms CreateObjectMapping: 0.202400 ms MarkObjects: 2.165700 ms  DeleteObjects: 0.016400 ms)

AssetImportParameters requested are different than current active one (requested -> active):
  custom:video-decoder-ogg-theora: a1e56fd34408186e4bbccfd4996cb3dc -> 
  custom:container-muxer-webm: aa71ff27fc2769a1b78a27578f13a17b -> 
  custom:container-demuxer-webm: 4f35f7cbe854078d1ac9338744f61a02 -> 
  custom:video-encoder-webm-vp8: eb34c28f22e8b96e1ab97ce403110664 -> 
  custom:audio-encoder-webm-vorbis: bf7c407c2cedff20999df2af8eb42d56 -> 
  custom:framework-win-MediaFoundation: 216162199b28c13a410421893ffa2e32 -> 
  custom:container-demuxer-ogg: 62fdf1f143b41e24485cea50d1cbac27 -> 
  custom:video-decoder-webm-vp8: 9c59270c3fd7afecdb556c50c9e8de78 -> 
  custom:audio-decoder-ogg-vorbis: bf7c407c2cedff20999df2af8eb42d56 -> 
========================================================================
Received Import Request.
  Time since last request: 221.271480 seconds.
  path: Assets/Prefabs/Arrows.prefab
  artifactKey: Guid(2360c88ce882a524fbe892fc40e7dbc8) Importer(815301076,1909f56bfc062723c751e8b465ee728b)
Start importing Assets/Prefabs/Arrows.prefab using Guid(2360c88ce882a524fbe892fc40e7dbc8) Importer(815301076,1909f56bfc062723c751e8b465ee728b)  -> (artifact id: 'ea53c6706333ab57c5c2c16ccc7865c8') in 0.031314 seconds 
========================================================================
Received Import Request.
  Time since last request: 6.337528 seconds.
  path: Assets/Prefabs/ArrowPrefab.prefab
  artifactKey: Guid(2360c88ce882a524fbe892fc40e7dbc8) Importer(815301076,1909f56bfc062723c751e8b465ee728b)
Start importing Assets/Prefabs/ArrowPrefab.prefab using Guid(2360c88ce882a524fbe892fc40e7dbc8) Importer(815301076,1909f56bfc062723c751e8b465ee728b)  -> (artifact id: 'ffb71d5523a3c3a16003631a0b14ac23') in 0.005777 seconds 
========================================================================
Received Import Request.
  Time since last request: 32.985382 seconds.
  path: Assets/Prefabs/ArrowPrefab.prefab
  artifactKey: Guid(2360c88ce882a524fbe892fc40e7dbc8) Importer(815301076,1909f56bfc062723c751e8b465ee728b)
Start importing Assets/Prefabs/ArrowPrefab.prefab using Guid(2360c88ce882a524fbe892fc40e7dbc8) Importer(815301076,1909f56bfc062723c751e8b465ee728b)  -> (artifact id: 'fcf356bc30e6b702570b40dfdb522ef6') in 0.005108 seconds 
========================================================================
Received Import Request.
  Time since last request: 115.798101 seconds.
  path: Assets/Prefabs/ArrowPrefab.prefab
  artifactKey: Guid(2360c88ce882a524fbe892fc40e7dbc8) Importer(815301076,1909f56bfc062723c751e8b465ee728b)
Start importing Assets/Prefabs/ArrowPrefab.prefab using Guid(2360c88ce882a524fbe892fc40e7dbc8) Importer(815301076,1909f56bfc062723c751e8b465ee728b)  -> (artifact id: '05bf89a45118d8414b0bbb3c032811cb') in 0.005093 seconds 
========================================================================
Received Import Request.
  Time since last request: 12.166646 seconds.
  path: Assets/Scriptables/Arrows/Arrow Black.asset
  artifactKey: Guid(8bc42570e60dd7e4b932cd06592c0e21) Importer(815301076,1909f56bfc062723c751e8b465ee728b)
Start importing Assets/Scriptables/Arrows/Arrow Black.asset using Guid(8bc42570e60dd7e4b932cd06592c0e21) Importer(815301076,1909f56bfc062723c751e8b465ee728b)  -> (artifact id: 'b7a01d45b5093e3d3ee5ca2a367a624a') in 0.002605 seconds 
========================================================================
Received Prepare
Registering precompiled user dll's ...
Registered in 0.007933 seconds.
Begin MonoManager ReloadAssembly
Symbol file LoadedFromMemory doesn't match image C:\Users\ugmaj\Documents\GitHub\Definitely-Not-Uno\Library\PackageCache\com.unity.visualscripting@1.7.6\Editor\VisualScripting.Core\Dependencies\YamlDotNet\Unity.VisualScripting.YamlDotNet.dll
Symbol file LoadedFromMemory doesn't match image C:\Users\ugmaj\Documents\GitHub\Definitely-Not-Uno\Library\PackageCache\com.unity.visualscripting@1.7.6\Editor\VisualScripting.Core\Dependencies\DotNetZip\Unity.VisualScripting.IonicZip.dll
Native extension for WindowsStandalone target not found
Refreshing native plugins compatible for Editor in 0.61 ms, found 4 plugins.
Preloading 0 native plugins for Editor in 0.00 ms.
Mono: successfully reloaded assembly
- Completed reload, in  1.259 seconds
Domain Reload Profiling:
	ReloadAssembly (1260ms)
		BeginReloadAssembly (167ms)
			ExecutionOrderSort (0ms)
			DisableScriptedObjects (12ms)
			BackupInstance (0ms)
			ReleaseScriptingObjects (0ms)
			CreateAndSetChildDomain (41ms)
		EndReloadAssembly (994ms)
			LoadAssemblies (94ms)
			RebuildTransferFunctionScriptingTraits (0ms)
			SetupTypeCache (251ms)
			ReleaseScriptCaches (1ms)
			RebuildScriptCaches (47ms)
			SetupLoadedEditorAssemblies (530ms)
				LogAssemblyErrors (0ms)
				InitializePlatformSupportModulesInManaged (16ms)
				SetLoadedEditorAssemblies (1ms)
				RefreshPlugins (1ms)
				BeforeProcessingInitializeOnLoad (83ms)
				ProcessInitializeOnLoadAttributes (379ms)
				ProcessInitializeOnLoadMethodAttributes (40ms)
				AfterProcessingInitializeOnLoad (10ms)
				EditorAssembliesLoaded (0ms)
			ExecutionOrderSort2 (0ms)
			AwakeInstancesAfterBackupRestoration (27ms)
Platform modules already initialized, skipping
Refreshing native plugins compatible for Editor in 0.57 ms, found 4 plugins.
Preloading 0 native plugins for Editor in 0.00 ms.
Unloading 3942 Unused Serialized files (Serialized files now loaded: 0)
Unloading 26 unused Assets / (24.7 KB). Loaded Objects now: 4966.
Memory consumption went from 185.1 MB to 185.0 MB.
Total: 6.623500 ms (FindLiveObjects: 0.328100 ms CreateObjectMapping: 0.232700 ms MarkObjects: 6.033900 ms  DeleteObjects: 0.027400 ms)

AssetImportParameters requested are different than current active one (requested -> active):
  custom:video-decoder-ogg-theora: a1e56fd34408186e4bbccfd4996cb3dc -> 
  custom:container-muxer-webm: aa71ff27fc2769a1b78a27578f13a17b -> 
  custom:container-demuxer-webm: 4f35f7cbe854078d1ac9338744f61a02 -> 
  custom:video-encoder-webm-vp8: eb34c28f22e8b96e1ab97ce403110664 -> 
  custom:audio-encoder-webm-vorbis: bf7c407c2cedff20999df2af8eb42d56 -> 
  custom:framework-win-MediaFoundation: 216162199b28c13a410421893ffa2e32 -> 
  custom:container-demuxer-ogg: 62fdf1f143b41e24485cea50d1cbac27 -> 
  custom:video-decoder-webm-vp8: 9c59270c3fd7afecdb556c50c9e8de78 -> 
  custom:audio-decoder-ogg-vorbis: bf7c407c2cedff20999df2af8eb42d56 -> 
========================================================================
Received Import Request.
  Time since last request: 507.821802 seconds.
  path: Assets/Resources/Resources Managers
  artifactKey: Guid(e0d1d4d8b50321047a4e61bf0c7dc76e) Importer(815301076,1909f56bfc062723c751e8b465ee728b)
Start importing Assets/Resources/Resources Managers using Guid(e0d1d4d8b50321047a4e61bf0c7dc76e) Importer(815301076,1909f56bfc062723c751e8b465ee728b)  -> (artifact id: '29ff95dfface9e818015d0027bd3d26d') in 0.011946 seconds 
========================================================================
Received Import Request.
  Time since last request: 466.226404 seconds.
  path: Assets/Prefabs/ArrowPrefab.prefab
  artifactKey: Guid(2360c88ce882a524fbe892fc40e7dbc8) Importer(815301076,1909f56bfc062723c751e8b465ee728b)
Start importing Assets/Prefabs/ArrowPrefab.prefab using Guid(2360c88ce882a524fbe892fc40e7dbc8) Importer(815301076,1909f56bfc062723c751e8b465ee728b)  -> (artifact id: '56ea4322511ecff4053f8eafb3cfc4ba') in 0.035657 seconds 
========================================================================
Received Prepare
Registering precompiled user dll's ...
Registered in 0.008593 seconds.
Begin MonoManager ReloadAssembly
Symbol file LoadedFromMemory doesn't match image C:\Users\ugmaj\Documents\GitHub\Definitely-Not-Uno\Library\PackageCache\com.unity.visualscripting@1.7.6\Editor\VisualScripting.Core\Dependencies\YamlDotNet\Unity.VisualScripting.YamlDotNet.dll
Symbol file LoadedFromMemory doesn't match image C:\Users\ugmaj\Documents\GitHub\Definitely-Not-Uno\Library\PackageCache\com.unity.visualscripting@1.7.6\Editor\VisualScripting.Core\Dependencies\DotNetZip\Unity.VisualScripting.IonicZip.dll
Native extension for WindowsStandalone target not found
Refreshing native plugins compatible for Editor in 0.56 ms, found 4 plugins.
Preloading 0 native plugins for Editor in 0.00 ms.
Mono: successfully reloaded assembly
- Completed reload, in  1.084 seconds
Domain Reload Profiling:
	ReloadAssembly (1085ms)
		BeginReloadAssembly (153ms)
			ExecutionOrderSort (0ms)
			DisableScriptedObjects (12ms)
			BackupInstance (0ms)
			ReleaseScriptingObjects (0ms)
			CreateAndSetChildDomain (40ms)
		EndReloadAssembly (837ms)
			LoadAssemblies (96ms)
			RebuildTransferFunctionScriptingTraits (0ms)
			SetupTypeCache (226ms)
			ReleaseScriptCaches (1ms)
			RebuildScriptCaches (49ms)
			SetupLoadedEditorAssemblies (419ms)
				LogAssemblyErrors (0ms)
				InitializePlatformSupportModulesInManaged (11ms)
				SetLoadedEditorAssemblies (0ms)
				RefreshPlugins (1ms)
				BeforeProcessingInitializeOnLoad (67ms)
				ProcessInitializeOnLoadAttributes (298ms)
				ProcessInitializeOnLoadMethodAttributes (35ms)
				AfterProcessingInitializeOnLoad (7ms)
				EditorAssembliesLoaded (0ms)
			ExecutionOrderSort2 (0ms)
			AwakeInstancesAfterBackupRestoration (28ms)
Platform modules already initialized, skipping
Refreshing native plugins compatible for Editor in 0.64 ms, found 4 plugins.
Preloading 0 native plugins for Editor in 0.00 ms.
Unloading 3942 Unused Serialized files (Serialized files now loaded: 0)
Unloading 26 unused Assets / (24.7 KB). Loaded Objects now: 4968.
Memory consumption went from 185.1 MB to 185.1 MB.
Total: 3.505600 ms (FindLiveObjects: 0.334700 ms CreateObjectMapping: 0.291600 ms MarkObjects: 2.851400 ms  DeleteObjects: 0.026800 ms)

AssetImportParameters requested are different than current active one (requested -> active):
  custom:video-decoder-ogg-theora: a1e56fd34408186e4bbccfd4996cb3dc -> 
  custom:container-muxer-webm: aa71ff27fc2769a1b78a27578f13a17b -> 
  custom:container-demuxer-webm: 4f35f7cbe854078d1ac9338744f61a02 -> 
  custom:video-encoder-webm-vp8: eb34c28f22e8b96e1ab97ce403110664 -> 
  custom:audio-encoder-webm-vorbis: bf7c407c2cedff20999df2af8eb42d56 -> 
  custom:framework-win-MediaFoundation: 216162199b28c13a410421893ffa2e32 -> 
  custom:container-demuxer-ogg: 62fdf1f143b41e24485cea50d1cbac27 -> 
  custom:video-decoder-webm-vp8: 9c59270c3fd7afecdb556c50c9e8de78 -> 
  custom:audio-decoder-ogg-vorbis: bf7c407c2cedff20999df2af8eb42d56 -> 
========================================================================
Received Prepare
Registering precompiled user dll's ...
Registered in 0.009004 seconds.
Begin MonoManager ReloadAssembly
Symbol file LoadedFromMemory doesn't match image C:\Users\ugmaj\Documents\GitHub\Definitely-Not-Uno\Library\PackageCache\com.unity.visualscripting@1.7.6\Editor\VisualScripting.Core\Dependencies\YamlDotNet\Unity.VisualScripting.YamlDotNet.dll
Symbol file LoadedFromMemory doesn't match image C:\Users\ugmaj\Documents\GitHub\Definitely-Not-Uno\Library\PackageCache\com.unity.visualscripting@1.7.6\Editor\VisualScripting.Core\Dependencies\DotNetZip\Unity.VisualScripting.IonicZip.dll
Native extension for WindowsStandalone target not found
Refreshing native plugins compatible for Editor in 1.11 ms, found 4 plugins.
Preloading 0 native plugins for Editor in 0.00 ms.
Mono: successfully reloaded assembly
- Completed reload, in  1.501 seconds
Domain Reload Profiling:
	ReloadAssembly (1502ms)
		BeginReloadAssembly (155ms)
			ExecutionOrderSort (0ms)
			DisableScriptedObjects (13ms)
			BackupInstance (0ms)
			ReleaseScriptingObjects (0ms)
			CreateAndSetChildDomain (36ms)
		EndReloadAssembly (1224ms)
			LoadAssemblies (102ms)
			RebuildTransferFunctionScriptingTraits (0ms)
			SetupTypeCache (363ms)
			ReleaseScriptCaches (1ms)
			RebuildScriptCaches (81ms)
			SetupLoadedEditorAssemblies (598ms)
				LogAssemblyErrors (0ms)
				InitializePlatformSupportModulesInManaged (16ms)
				SetLoadedEditorAssemblies (1ms)
				RefreshPlugins (1ms)
				BeforeProcessingInitializeOnLoad (96ms)
				ProcessInitializeOnLoadAttributes (433ms)
				ProcessInitializeOnLoadMethodAttributes (42ms)
				AfterProcessingInitializeOnLoad (9ms)
				EditorAssembliesLoaded (0ms)
			ExecutionOrderSort2 (0ms)
			AwakeInstancesAfterBackupRestoration (30ms)
Platform modules already initialized, skipping
Refreshing native plugins compatible for Editor in 0.80 ms, found 4 plugins.
Preloading 0 native plugins for Editor in 0.00 ms.
Unloading 3942 Unused Serialized files (Serialized files now loaded: 0)
Unloading 26 unused Assets / (25.7 KB). Loaded Objects now: 4970.
Memory consumption went from 185.1 MB to 185.1 MB.
Total: 4.472800 ms (FindLiveObjects: 0.417900 ms CreateObjectMapping: 0.373000 ms MarkObjects: 3.659700 ms  DeleteObjects: 0.021300 ms)

AssetImportParameters requested are different than current active one (requested -> active):
  custom:video-decoder-ogg-theora: a1e56fd34408186e4bbccfd4996cb3dc -> 
  custom:container-muxer-webm: aa71ff27fc2769a1b78a27578f13a17b -> 
  custom:container-demuxer-webm: 4f35f7cbe854078d1ac9338744f61a02 -> 
  custom:video-encoder-webm-vp8: eb34c28f22e8b96e1ab97ce403110664 -> 
  custom:audio-encoder-webm-vorbis: bf7c407c2cedff20999df2af8eb42d56 -> 
  custom:framework-win-MediaFoundation: 216162199b28c13a410421893ffa2e32 -> 
  custom:container-demuxer-ogg: 62fdf1f143b41e24485cea50d1cbac27 -> 
  custom:video-decoder-webm-vp8: 9c59270c3fd7afecdb556c50c9e8de78 -> 
  custom:audio-decoder-ogg-vorbis: bf7c407c2cedff20999df2af8eb42d56 -> 
